Log file open, 03/04/24 20:31:51
LogWindows: Failed to load 'aqProf.dll' (GetLastError=126)
LogWindows: File 'aqProf.dll' does not exist
LogWindows: Failed to load 'VtuneApi.dll' (GetLastError=126)
LogWindows: File 'VtuneApi.dll' does not exist
LogWindows: Failed to load 'VtuneApi32e.dll' (GetLastError=126)
LogWindows: File 'VtuneApi32e.dll' does not exist
LogConsoleResponse: Display: Failed to find resolution value strings in scalability ini. Falling back to default.
LogInit: Display: Running engine for game: Snake
LogPakFile: Registered encryption key '00000000000000000000000000000000': 0 pak files mounted, 0 remain pending
LogPlatformFile: Not using cached read wrapper
LogTaskGraph: Started task graph with 5 named threads and 20 total threads with 3 sets of task threads.
LogStats: Stats thread started at 0.743306
LogD3D11RHI: Loaded GFSDK_Aftermath_Lib.x64.dll
LogICUInternationalization: ICU TimeZone Detection - Raw Offset: +3:00, Platform Override: ''
LogPluginManager: Mounting plugin Paper2D
LogPluginManager: Mounting plugin AISupport
LogPluginManager: Mounting plugin LightPropagationVolume
LogPluginManager: Mounting plugin ActorLayerUtilities
LogPluginManager: Mounting plugin AnimationSharing
LogPluginManager: Mounting plugin CLionSourceCodeAccess
LogPluginManager: Mounting plugin CodeLiteSourceCodeAccess
LogPluginManager: Mounting plugin GitSourceControl
LogPluginManager: Mounting plugin KDevelopSourceCodeAccess
LogPluginManager: Mounting plugin NullSourceCodeAccess
LogPluginManager: Mounting plugin PerforceSourceControl
LogPluginManager: Mounting plugin SubversionSourceControl
LogPluginManager: Mounting plugin UObjectPlugin
LogPluginManager: Mounting plugin VisualStudioCodeSourceCodeAccess
LogPluginManager: Mounting plugin VisualStudioSourceCodeAccess
LogPluginManager: Mounting plugin XCodeSourceCodeAccess
LogPluginManager: Mounting plugin AssetManagerEditor
LogPluginManager: Mounting plugin CryptoKeys
LogPluginManager: Mounting plugin DataValidation
LogPluginManager: Mounting plugin FacialAnimation
LogPluginManager: Mounting plugin GameplayTagsEditor
LogPluginManager: Mounting plugin MacGraphicsSwitching
LogPluginManager: Mounting plugin MaterialAnalyzer
LogPluginManager: Mounting plugin MobileLauncherProfileWizard
LogPluginManager: Mounting plugin PluginBrowser
LogPluginManager: Mounting plugin SpeedTreeImporter
LogPluginManager: Mounting plugin DatasmithContent
LogPluginManager: Mounting plugin VariantManagerContent
LogPluginManager: Mounting plugin AlembicImporter
LogPluginManager: Mounting plugin AppleImageUtils
LogPluginManager: Mounting plugin AppleVision
LogPluginManager: Mounting plugin BackChannel
LogPluginManager: Mounting plugin CharacterAI
LogPluginManager: Mounting plugin GeometryCache
LogPluginManager: Mounting plugin HTML5Networking
LogPluginManager: Mounting plugin ProxyLODPlugin
LogPluginManager: Mounting plugin SkeletalReduction
LogPluginManager: Mounting plugin MagicLeap
LogPluginManager: Mounting plugin MagicLeapMedia
LogPluginManager: Mounting plugin AndroidMedia
LogPluginManager: Mounting plugin AvfMedia
LogPluginManager: Mounting plugin ImgMedia
LogPluginManager: Mounting plugin LinearTimecode
LogPluginManager: Mounting plugin MediaCompositing
LogPluginManager: Mounting plugin MediaPlayerEditor
LogPluginManager: Mounting plugin WebMMedia
LogPluginManager: Mounting plugin WmfMedia
LogPluginManager: Mounting plugin TcpMessaging
LogPluginManager: Mounting plugin UdpMessaging
LogPluginManager: Mounting plugin ActorSequence
LogPluginManager: Mounting plugin LevelSequenceEditor
LogPluginManager: Mounting plugin MatineeToLevelSequence
LogPluginManager: Mounting plugin NetcodeUnitTest
LogPluginManager: Mounting plugin NUTUnrealEngine4
LogPluginManager: Mounting plugin OnlineSubsystemGooglePlay
LogPluginManager: Mounting plugin OnlineSubsystemIOS
LogPluginManager: Mounting plugin OnlineSubsystem
LogPluginManager: Mounting plugin OnlineSubsystemNull
LogPluginManager: Mounting plugin OnlineSubsystemUtils
LogPluginManager: Mounting plugin LauncherChunkInstaller
LogPluginManager: Mounting plugin AndroidDeviceProfileSelector
LogPluginManager: Mounting plugin AndroidMoviePlayer
LogPluginManager: Mounting plugin AndroidPermission
LogPluginManager: Mounting plugin AppleMoviePlayer
LogPluginManager: Mounting plugin ArchVisCharacter
LogPluginManager: Mounting plugin AudioCapture
LogPluginManager: Mounting plugin CableComponent
LogPluginManager: Mounting plugin CustomMeshComponent
LogPluginManager: Mounting plugin EditableMesh
LogPluginManager: Mounting plugin ExampleDeviceProfileSelector
LogPluginManager: Mounting plugin Firebase
LogPluginManager: Mounting plugin GoogleCloudMessaging
LogPluginManager: Mounting plugin IOSDeviceProfileSelector
LogPluginManager: Mounting plugin LinuxDeviceProfileSelector
LogPluginManager: Mounting plugin LocationServicesBPLibrary
LogPluginManager: Mounting plugin MobilePatchingUtils
LogPluginManager: Mounting plugin OculusVR
LogPluginManager: Mounting plugin PhysXVehicles
LogPluginManager: Mounting plugin ProceduralMeshComponent
LogPluginManager: Mounting plugin RuntimePhysXCooking
LogPluginManager: Mounting plugin SignificanceManager
LogPluginManager: Mounting plugin SteamVR
LogPluginManager: Mounting plugin WebMMoviePlayer
LogPluginManager: Mounting plugin WindowsMoviePlayer
LogInit: Using libcurl 7.55.1-DEV
LogInit:  - built for x86_64-pc-win32
LogInit:  - supports SSL with OpenSSL/1.1.1
LogInit:  - supports HTTP deflate (compression) using libz 1.2.8
LogInit:  - other features:
LogInit:      CURL_VERSION_SSL
LogInit:      CURL_VERSION_LIBZ
LogInit:      CURL_VERSION_IPV6
LogInit:      CURL_VERSION_ASYNCHDNS
LogInit:      CURL_VERSION_LARGEFILE
LogInit:      CURL_VERSION_IDN
LogInit:  CurlRequestOptions (configurable via config and command line):
LogInit:  - bVerifyPeer = true  - Libcurl will verify peer certificate
LogInit:  - bUseHttpProxy = false  - Libcurl will NOT use HTTP proxy
LogInit:  - bDontReuseConnections = false  - Libcurl will reuse connections
LogInit:  - MaxHostConnections = 16  - Libcurl will limit the number of connections to a host
LogInit:  - LocalHostAddr = Default
LogInit:  - BufferSize = 65536
LogInit: WinSock: version 1.1 (2.2), MaxSocks=32767, MaxUdp=65467
LogInit: Build: ++UE4+Release-4.22-CL-7053642
LogInit: Engine Version: 4.22.3-7053642+++UE4+Release-4.22
LogInit: Compatible Engine Version: 4.22.0-5660361+++UE4+Release-4.22
LogInit: Net CL: 5660361
LogInit: OS: Windows 10 (Release 2009) (), CPU: Intel(R) Core(TM) i5-9400F CPU @ 2.90GHz, GPU: NVIDIA GeForce GTX 1650
LogInit: Compiled (64-bit): Jun 18 2019 03:09:11
LogInit: Compiled with Visual C++: 19.16.27025.01
LogInit: Build Configuration: Development
LogInit: Branch Name: ++UE4+Release-4.22
LogInit: Command Line:  -skipcompile
LogInit: Base Directory: C:/Program Files/Epic Games/UE_4.22/Engine/Binaries/Win64/
LogInit: Installed Engine Build: 1
LogDevObjectVersion: Number of dev versions registered: 23
LogDevObjectVersion:   Dev-Blueprints (B0D832E4-1F89-4F0D-ACCF-7EB736FD4AA2): 10
LogDevObjectVersion:   Dev-Build (E1C64328-A22C-4D53-A36C-8E866417BD8C): 0
LogDevObjectVersion:   Dev-Core (375EC13C-06E4-48FB-B500-84F0262A717E): 3
LogDevObjectVersion:   Dev-Editor (E4B068ED-F494-42E9-A231-DA0B2E46BB41): 30
LogDevObjectVersion:   Dev-Framework (CFFC743F-43B0-4480-9391-14DF171D2073): 35
LogDevObjectVersion:   Dev-Mobile (B02B49B5-BB20-44E9-A304-32B752E40360): 2
LogDevObjectVersion:   Dev-Networking (A4E4105C-59A1-49B5-A7C5-40C4547EDFEE): 0
LogDevObjectVersion:   Dev-Online (39C831C9-5AE6-47DC-9A44-9C173E1C8E7C): 0
LogDevObjectVersion:   Dev-Physics (78F01B33-EBEA-4F98-B9B4-84EACCB95AA2): 0
LogDevObjectVersion:   Dev-Platform (6631380F-2D4D-43E0-8009-CF276956A95A): 0
LogDevObjectVersion:   Dev-Rendering (12F88B9F-8875-4AFC-A67C-D90C383ABD29): 28
LogDevObjectVersion:   Dev-Sequencer (7B5AE74C-D270-4C10-A958-57980B212A5A): 11
LogDevObjectVersion:   Dev-VR (D7296918-1DD6-4BDD-9DE2-64A83CC13884): 2
LogDevObjectVersion:   Dev-LoadTimes (C2A15278-BFE7-4AFE-6C17-90FF531DF755): 1
LogDevObjectVersion:   Private-Geometry (6EACA3D4-40EC-4CC1-B786-8BED09428FC5): 3
LogDevObjectVersion:   Dev-AnimPhys (29E575DD-E0A3-4627-9D10-D276232CDCEA): 17
LogDevObjectVersion:   Dev-Anim (AF43A65D-7FD3-4947-9873-3E8ED9C1BB05): 2
LogDevObjectVersion:   Dev-ReflectionCapture (6B266CEC-1EC7-4B8F-A30B-E4D90942FC07): 1
LogDevObjectVersion:   Dev-Automation (0DF73D61-A23F-47EA-B727-89E90C41499A): 1
LogDevObjectVersion:   FortniteMain (601D1886-AC64-4F84-AA16-D3DE0DEAC7D6): 25
LogDevObjectVersion:   Dev-Enterprise (9DFFBCD6-494F-0158-E221-12823C92A888): 6
LogDevObjectVersion:   Dev-Niagara (F2AED0AC-9AFE-416F-8664-AA7FFA26D6FC): 1
LogDevObjectVersion:   Dev-Destruction (174F1F0B-B4C6-45A5-B13F-2EE8D0FB917D): 2
LogInit: Presizing for max 16777216 objects, including 0 objects not considered by GC, pre-allocating 0 bytes for permanent pool.
LogInit: Object subsystem initialized
LogConfig: Setting CVar [[con.DebugEarlyDefault:1]]
LogConfig: Setting CVar [[r.setres:1280x720]]
[2024.03.04-17.31.52:156][  0]LogConfig: Setting CVar [[r.VSync:0]]
[2024.03.04-17.31.52:156][  0]LogConfig: Setting CVar [[r.RHICmdBypass:0]]
[2024.03.04-17.31.52:157][  0]LogConfig: Applying CVar settings from Section [/Script/Engine.RendererSettings] File [D:/Home Work/UE_Home_Work/Module20/Snake/Saved/Config/Windows/Engine.ini]
[2024.03.04-17.31.52:157][  0]LogConfig: Setting CVar [[r.GPUCrashDebugging:0]]
[2024.03.04-17.31.52:157][  0]LogConfig: Setting CVar [[r.DefaultFeature.AutoExposure.ExtendDefaultLuminanceRange:1]]
[2024.03.04-17.31.52:157][  0]LogConfig: Applying CVar settings from Section [/Script/Engine.RendererOverrideSettings] File [D:/Home Work/UE_Home_Work/Module20/Snake/Saved/Config/Windows/Engine.ini]
[2024.03.04-17.31.52:158][  0]LogConfig: Applying CVar settings from Section [/Script/Engine.StreamingSettings] File [D:/Home Work/UE_Home_Work/Module20/Snake/Saved/Config/Windows/Engine.ini]
[2024.03.04-17.31.52:158][  0]LogConfig: Setting CVar [[s.MinBulkDataSizeForAsyncLoading:131072]]
[2024.03.04-17.31.52:158][  0]LogConfig: Setting CVar [[s.AsyncLoadingThreadEnabled:0]]
[2024.03.04-17.31.52:158][  0]LogConfig: Setting CVar [[s.EventDrivenLoaderEnabled:1]]
[2024.03.04-17.31.52:159][  0]LogConfig: Setting CVar [[s.WarnIfTimeLimitExceeded:0]]
[2024.03.04-17.31.52:159][  0]LogConfig: Setting CVar [[s.TimeLimitExceededMultiplier:1.5]]
[2024.03.04-17.31.52:159][  0]LogConfig: Setting CVar [[s.TimeLimitExceededMinTime:0.005]]
[2024.03.04-17.31.52:160][  0]LogConfig: Setting CVar [[s.UseBackgroundLevelStreaming:1]]
[2024.03.04-17.31.52:160][  0]LogConfig: Setting CVar [[s.PriorityAsyncLoadingExtraTime:15.0]]
[2024.03.04-17.31.52:160][  0]LogConfig: Setting CVar [[s.LevelStreamingActorsUpdateTimeLimit:5.0]]
[2024.03.04-17.31.52:160][  0]LogConfig: Setting CVar [[s.PriorityLevelStreamingActorsUpdateExtraTime:5.0]]
[2024.03.04-17.31.52:161][  0]LogConfig: Setting CVar [[s.LevelStreamingComponentsRegistrationGranularity:10]]
[2024.03.04-17.31.52:161][  0]LogConfig: Setting CVar [[s.UnregisterComponentsTimeLimit:1.0]]
[2024.03.04-17.31.52:161][  0]LogConfig: Setting CVar [[s.LevelStreamingComponentsUnregistrationGranularity:5]]
[2024.03.04-17.31.52:161][  0]LogConfig: Applying CVar settings from Section [/Script/Engine.GarbageCollectionSettings] File [D:/Home Work/UE_Home_Work/Module20/Snake/Saved/Config/Windows/Engine.ini]
[2024.03.04-17.31.52:162][  0]LogConfig: Setting CVar [[gc.MaxObjectsNotConsideredByGC:1]]
[2024.03.04-17.31.52:162][  0]LogConfig: Setting CVar [[gc.SizeOfPermanentObjectPool:0]]
[2024.03.04-17.31.52:162][  0]LogConfig: Setting CVar [[gc.FlushStreamingOnGC:0]]
[2024.03.04-17.31.52:162][  0]LogConfig: Setting CVar [[gc.NumRetriesBeforeForcingGC:10]]
[2024.03.04-17.31.52:162][  0]LogConfig: Setting CVar [[gc.AllowParallelGC:1]]
[2024.03.04-17.31.52:162][  0]LogConfig: Setting CVar [[gc.TimeBetweenPurgingPendingKillObjects:61.1]]
[2024.03.04-17.31.52:162][  0]LogConfig: Setting CVar [[gc.MaxObjectsInEditor:16777216]]
[2024.03.04-17.31.52:162][  0]LogConfig: Setting CVar [[gc.IncrementalBeginDestroyEnabled:1]]
[2024.03.04-17.31.52:163][  0]LogConfig: Setting CVar [[gc.CreateGCClusters:1]]
[2024.03.04-17.31.52:163][  0]LogConfig: Setting CVar [[gc.MinGCClusterSize:5]]
[2024.03.04-17.31.52:163][  0]LogConfig: Setting CVar [[gc.ActorClusteringEnabled:0]]
[2024.03.04-17.31.52:163][  0]LogConfig: Setting CVar [[gc.BlueprintClusteringEnabled:0]]
[2024.03.04-17.31.52:163][  0]LogConfig: Setting CVar [[gc.UseDisregardForGCOnDedicatedServers:0]]
[2024.03.04-17.31.52:163][  0]LogConfig: Applying CVar settings from Section [/Script/Engine.NetworkSettings] File [D:/Home Work/UE_Home_Work/Module20/Snake/Saved/Config/Windows/Engine.ini]
[2024.03.04-17.31.52:163][  0]LogConfig: Applying CVar settings from Section [/Script/UnrealEd.CookerSettings] File [D:/Home Work/UE_Home_Work/Module20/Snake/Saved/Config/Windows/Engine.ini]
[2024.03.04-17.31.52:173][  0]LogConfig: Applying CVar settings from Section [ViewDistanceQuality@3] File [D:/Home Work/UE_Home_Work/Module20/Snake/Saved/Config/Windows/Scalability.ini]
[2024.03.04-17.31.52:173][  0]LogConfig: Setting CVar [[r.SkeletalMeshLODBias:0]]
[2024.03.04-17.31.52:173][  0]LogConfig: Setting CVar [[r.ViewDistanceScale:1.0]]
[2024.03.04-17.31.52:173][  0]LogConfig: Applying CVar settings from Section [AntiAliasingQuality@3] File [D:/Home Work/UE_Home_Work/Module20/Snake/Saved/Config/Windows/Scalability.ini]
[2024.03.04-17.31.52:173][  0]LogConfig: Setting CVar [[r.PostProcessAAQuality:4]]
[2024.03.04-17.31.52:173][  0]LogConfig: Applying CVar settings from Section [ShadowQuality@3] File [D:/Home Work/UE_Home_Work/Module20/Snake/Saved/Config/Windows/Scalability.ini]
[2024.03.04-17.31.52:173][  0]LogConfig: Setting CVar [[r.LightFunctionQuality:1]]
[2024.03.04-17.31.52:173][  0]LogConfig: Setting CVar [[r.ShadowQuality:5]]
[2024.03.04-17.31.52:174][  0]LogConfig: Setting CVar [[r.Shadow.CSM.MaxCascades:10]]
[2024.03.04-17.31.52:174][  0]LogConfig: Setting CVar [[r.Shadow.MaxResolution:2048]]
[2024.03.04-17.31.52:174][  0]LogConfig: Setting CVar [[r.Shadow.MaxCSMResolution:2048]]
[2024.03.04-17.31.52:174][  0]LogConfig: Setting CVar [[r.Shadow.RadiusThreshold:0.01]]
[2024.03.04-17.31.52:174][  0]LogConfig: Setting CVar [[r.Shadow.DistanceScale:1.0]]
[2024.03.04-17.31.52:174][  0]LogConfig: Setting CVar [[r.Shadow.CSM.TransitionScale:1.0]]
[2024.03.04-17.31.52:175][  0]LogConfig: Setting CVar [[r.Shadow.PreShadowResolutionFactor:1.0]]
[2024.03.04-17.31.52:175][  0]LogConfig: Setting CVar [[r.DistanceFieldShadowing:1]]
[2024.03.04-17.31.52:175][  0]LogConfig: Setting CVar [[r.DistanceFieldAO:1]]
[2024.03.04-17.31.52:175][  0]LogConfig: Setting CVar [[r.AOQuality:2]]
[2024.03.04-17.31.52:175][  0]LogConfig: Setting CVar [[r.VolumetricFog:1]]
[2024.03.04-17.31.52:175][  0]LogConfig: Setting CVar [[r.VolumetricFog.GridPixelSize:8]]
[2024.03.04-17.31.52:175][  0]LogConfig: Setting CVar [[r.VolumetricFog.GridSizeZ:128]]
[2024.03.04-17.31.52:175][  0]LogConfig: Setting CVar [[r.VolumetricFog.HistoryMissSupersampleCount:4]]
[2024.03.04-17.31.52:175][  0]LogConfig: Setting CVar [[r.LightMaxDrawDistanceScale:1]]
[2024.03.04-17.31.52:176][  0]LogConfig: Setting CVar [[r.CapsuleShadows:1]]
[2024.03.04-17.31.52:176][  0]LogConfig: Applying CVar settings from Section [PostProcessQuality@3] File [D:/Home Work/UE_Home_Work/Module20/Snake/Saved/Config/Windows/Scalability.ini]
[2024.03.04-17.31.52:176][  0]LogConfig: Setting CVar [[r.MotionBlurQuality:4]]
[2024.03.04-17.31.52:176][  0]LogConfig: Setting CVar [[r.AmbientOcclusionMipLevelFactor:0.4]]
[2024.03.04-17.31.52:176][  0]LogConfig: Setting CVar [[r.AmbientOcclusionMaxQuality:100]]
[2024.03.04-17.31.52:176][  0]LogConfig: Setting CVar [[r.AmbientOcclusionLevels:-1]]
[2024.03.04-17.31.52:176][  0]LogConfig: Setting CVar [[r.AmbientOcclusionRadiusScale:1.0]]
[2024.03.04-17.31.52:176][  0]LogConfig: Setting CVar [[r.DepthOfFieldQuality:2]]
[2024.03.04-17.31.52:176][  0]LogConfig: Setting CVar [[r.RenderTargetPoolMin:400]]
[2024.03.04-17.31.52:177][  0]LogConfig: Setting CVar [[r.LensFlareQuality:2]]
[2024.03.04-17.31.52:177][  0]LogConfig: Setting CVar [[r.SceneColorFringeQuality:1]]
[2024.03.04-17.31.52:177][  0]LogConfig: Setting CVar [[r.EyeAdaptationQuality:2]]
[2024.03.04-17.31.52:177][  0]LogConfig: Setting CVar [[r.BloomQuality:5]]
[2024.03.04-17.31.52:177][  0]LogConfig: Setting CVar [[r.FastBlurThreshold:100]]
[2024.03.04-17.31.52:177][  0]LogConfig: Setting CVar [[r.Upscale.Quality:3]]
[2024.03.04-17.31.52:177][  0]LogConfig: Setting CVar [[r.Tonemapper.GrainQuantization:1]]
[2024.03.04-17.31.52:177][  0]LogConfig: Setting CVar [[r.LightShaftQuality:1]]
[2024.03.04-17.31.52:177][  0]LogConfig: Setting CVar [[r.Filter.SizeScale:1]]
[2024.03.04-17.31.52:177][  0]LogConfig: Setting CVar [[r.Tonemapper.Quality:5]]
[2024.03.04-17.31.52:177][  0]LogConfig: Setting CVar [[r.DOF.Gather.AccumulatorQuality:1        ; higher gathering accumulator quality]]
[2024.03.04-17.31.52:177][  0]LogConfig: Setting CVar [[r.DOF.Gather.PostfilterMethod:1          ; Median3x3 postfilering method]]
[2024.03.04-17.31.52:178][  0]LogConfig: Setting CVar [[r.DOF.Gather.EnableBokehSettings:0       ; no bokeh simulation when gathering]]
[2024.03.04-17.31.52:178][  0]LogConfig: Setting CVar [[r.DOF.Gather.RingCount:4                 ; medium number of samples when gathering]]
[2024.03.04-17.31.52:178][  0]LogConfig: Setting CVar [[r.DOF.Scatter.ForegroundCompositing:1    ; additive foreground scattering]]
[2024.03.04-17.31.52:178][  0]LogConfig: Setting CVar [[r.DOF.Scatter.BackgroundCompositing:2    ; additive background scattering]]
[2024.03.04-17.31.52:178][  0]LogConfig: Setting CVar [[r.DOF.Scatter.EnableBokehSettings:1      ; bokeh simulation when scattering]]
[2024.03.04-17.31.52:178][  0]LogConfig: Setting CVar [[r.DOF.Scatter.MaxSpriteRatio:0.1         ; only a maximum of 10% of scattered bokeh]]
[2024.03.04-17.31.52:178][  0]LogConfig: Setting CVar [[r.DOF.Recombine.Quality:1                ; cheap slight out of focus]]
[2024.03.04-17.31.52:178][  0]LogConfig: Setting CVar [[r.DOF.Recombine.EnableBokehSettings:0    ; no bokeh simulation on slight out of focus]]
[2024.03.04-17.31.52:178][  0]LogConfig: Setting CVar [[r.DOF.TemporalAAQuality:1                ; more stable temporal accumulation]]
[2024.03.04-17.31.52:178][  0]LogConfig: Setting CVar [[r.DOF.Kernel.MaxForegroundRadius:0.025]]
[2024.03.04-17.31.52:178][  0]LogConfig: Setting CVar [[r.DOF.Kernel.MaxBackgroundRadius:0.025]]
[2024.03.04-17.31.52:178][  0]LogConfig: Applying CVar settings from Section [TextureQuality@3] File [D:/Home Work/UE_Home_Work/Module20/Snake/Saved/Config/Windows/Scalability.ini]
[2024.03.04-17.31.52:178][  0]LogConfig: Setting CVar [[r.Streaming.MipBias:0]]
[2024.03.04-17.31.52:178][  0]LogConfig: Setting CVar [[r.Streaming.AmortizeCPUToGPUCopy:0]]
[2024.03.04-17.31.52:178][  0]LogConfig: Setting CVar [[r.Streaming.MaxNumTexturesToStreamPerFrame:0]]
[2024.03.04-17.31.52:178][  0]LogConfig: Setting CVar [[r.Streaming.Boost:1]]
[2024.03.04-17.31.52:178][  0]LogConfig: Setting CVar [[r.MaxAnisotropy:8]]
[2024.03.04-17.31.52:179][  0]LogConfig: Setting CVar [[r.Streaming.LimitPoolSizeToVRAM:0]]
[2024.03.04-17.31.52:179][  0]LogConfig: Setting CVar [[r.Streaming.PoolSize:1000]]
[2024.03.04-17.31.52:179][  0]LogConfig: Setting CVar [[r.Streaming.MaxEffectiveScreenSize:0]]
[2024.03.04-17.31.52:179][  0]LogConfig: Applying CVar settings from Section [EffectsQuality@3] File [D:/Home Work/UE_Home_Work/Module20/Snake/Saved/Config/Windows/Scalability.ini]
[2024.03.04-17.31.52:179][  0]LogConfig: Setting CVar [[r.TranslucencyLightingVolumeDim:64]]
[2024.03.04-17.31.52:179][  0]LogConfig: Setting CVar [[r.RefractionQuality:2]]
[2024.03.04-17.31.52:179][  0]LogConfig: Setting CVar [[r.SSR.Quality:3]]
[2024.03.04-17.31.52:179][  0]LogConfig: Setting CVar [[r.SceneColorFormat:4]]
[2024.03.04-17.31.52:179][  0]LogConfig: Setting CVar [[r.DetailMode:2]]
[2024.03.04-17.31.52:179][  0]LogConfig: Setting CVar [[r.TranslucencyVolumeBlur:1]]
[2024.03.04-17.31.52:179][  0]LogConfig: Setting CVar [[r.MaterialQualityLevel:1 ; High quality]]
[2024.03.04-17.31.52:179][  0]LogConfig: Setting CVar [[r.SSS.Scale:1]]
[2024.03.04-17.31.52:179][  0]LogConfig: Setting CVar [[r.SSS.SampleSet:2]]
[2024.03.04-17.31.52:179][  0]LogConfig: Setting CVar [[r.SSS.Quality:1]]
[2024.03.04-17.31.52:179][  0]LogConfig: Setting CVar [[r.SSS.HalfRes:1]]
[2024.03.04-17.31.52:179][  0]LogConfig: Setting CVar [[r.EmitterSpawnRateScale:1.0]]
[2024.03.04-17.31.52:179][  0]LogConfig: Setting CVar [[r.ParticleLightQuality:2]]
[2024.03.04-17.31.52:179][  0]LogConfig: Applying CVar settings from Section [FoliageQuality@3] File [D:/Home Work/UE_Home_Work/Module20/Snake/Saved/Config/Windows/Scalability.ini]
[2024.03.04-17.31.52:179][  0]LogConfig: Setting CVar [[foliage.DensityScale:1.0]]
[2024.03.04-17.31.52:179][  0]LogConfig: Setting CVar [[grass.DensityScale:1.0]]
[2024.03.04-17.31.52:180][  0]LogInit: Selected Device Profile: [Windows]
[2024.03.04-17.31.52:180][  0]LogInit: Applying CVar settings loaded from the selected device profile: [Windows]
[2024.03.04-17.31.52:199][  0]LogHAL: Display: Platform has ~ 24 GB [25685372928 / 34359738368 / 24], which maps to Larger [LargestMinGB=32, LargerMinGB=12, DefaultMinGB=8, SmallerMinGB=6, SmallestMinGB=0)
[2024.03.04-17.31.52:199][  0]LogConfig: Setting CVar [[r.Vulkan.UseRealUBs:0		; Required until we fix HLR fall-out]]
[2024.03.04-17.31.52:199][  0]LogInit: Going up to parent DeviceProfile []
[2024.03.04-17.31.52:200][  0]LogConfig: Applying CVar settings from Section [ViewDistanceQuality@3] File [D:/Home Work/UE_Home_Work/Module20/Snake/Saved/Config/Windows/Scalability.ini]
[2024.03.04-17.31.52:200][  0]LogConfig: Setting CVar [[r.SkeletalMeshLODBias:0]]
[2024.03.04-17.31.52:200][  0]LogConfig: Setting CVar [[r.ViewDistanceScale:1.0]]
[2024.03.04-17.31.52:200][  0]LogConfig: Applying CVar settings from Section [AntiAliasingQuality@3] File [D:/Home Work/UE_Home_Work/Module20/Snake/Saved/Config/Windows/Scalability.ini]
[2024.03.04-17.31.52:200][  0]LogConfig: Setting CVar [[r.PostProcessAAQuality:4]]
[2024.03.04-17.31.52:200][  0]LogConfig: Applying CVar settings from Section [ShadowQuality@3] File [D:/Home Work/UE_Home_Work/Module20/Snake/Saved/Config/Windows/Scalability.ini]
[2024.03.04-17.31.52:201][  0]LogConfig: Setting CVar [[r.LightFunctionQuality:1]]
[2024.03.04-17.31.52:201][  0]LogConfig: Setting CVar [[r.ShadowQuality:5]]
[2024.03.04-17.31.52:201][  0]LogConfig: Setting CVar [[r.Shadow.CSM.MaxCascades:10]]
[2024.03.04-17.31.52:201][  0]LogConfig: Setting CVar [[r.Shadow.MaxResolution:2048]]
[2024.03.04-17.31.52:201][  0]LogConfig: Setting CVar [[r.Shadow.MaxCSMResolution:2048]]
[2024.03.04-17.31.52:201][  0]LogConfig: Setting CVar [[r.Shadow.RadiusThreshold:0.01]]
[2024.03.04-17.31.52:201][  0]LogConfig: Setting CVar [[r.Shadow.DistanceScale:1.0]]
[2024.03.04-17.31.52:202][  0]LogConfig: Setting CVar [[r.Shadow.CSM.TransitionScale:1.0]]
[2024.03.04-17.31.52:202][  0]LogConfig: Setting CVar [[r.Shadow.PreShadowResolutionFactor:1.0]]
[2024.03.04-17.31.52:202][  0]LogConfig: Setting CVar [[r.DistanceFieldShadowing:1]]
[2024.03.04-17.31.52:202][  0]LogConfig: Setting CVar [[r.DistanceFieldAO:1]]
[2024.03.04-17.31.52:202][  0]LogConfig: Setting CVar [[r.AOQuality:2]]
[2024.03.04-17.31.52:202][  0]LogConfig: Setting CVar [[r.VolumetricFog:1]]
[2024.03.04-17.31.52:202][  0]LogConfig: Setting CVar [[r.VolumetricFog.GridPixelSize:8]]
[2024.03.04-17.31.52:202][  0]LogConfig: Setting CVar [[r.VolumetricFog.GridSizeZ:128]]
[2024.03.04-17.31.52:202][  0]LogConfig: Setting CVar [[r.VolumetricFog.HistoryMissSupersampleCount:4]]
[2024.03.04-17.31.52:203][  0]LogConfig: Setting CVar [[r.LightMaxDrawDistanceScale:1]]
[2024.03.04-17.31.52:203][  0]LogConfig: Setting CVar [[r.CapsuleShadows:1]]
[2024.03.04-17.31.52:203][  0]LogConfig: Applying CVar settings from Section [PostProcessQuality@3] File [D:/Home Work/UE_Home_Work/Module20/Snake/Saved/Config/Windows/Scalability.ini]
[2024.03.04-17.31.52:203][  0]LogConfig: Setting CVar [[r.MotionBlurQuality:4]]
[2024.03.04-17.31.52:203][  0]LogConfig: Setting CVar [[r.AmbientOcclusionMipLevelFactor:0.4]]
[2024.03.04-17.31.52:203][  0]LogConfig: Setting CVar [[r.AmbientOcclusionMaxQuality:100]]
[2024.03.04-17.31.52:203][  0]LogConfig: Setting CVar [[r.AmbientOcclusionLevels:-1]]
[2024.03.04-17.31.52:203][  0]LogConfig: Setting CVar [[r.AmbientOcclusionRadiusScale:1.0]]
[2024.03.04-17.31.52:204][  0]LogConfig: Setting CVar [[r.DepthOfFieldQuality:2]]
[2024.03.04-17.31.52:204][  0]LogConfig: Setting CVar [[r.RenderTargetPoolMin:400]]
[2024.03.04-17.31.52:204][  0]LogConfig: Setting CVar [[r.LensFlareQuality:2]]
[2024.03.04-17.31.52:204][  0]LogConfig: Setting CVar [[r.SceneColorFringeQuality:1]]
[2024.03.04-17.31.52:204][  0]LogConfig: Setting CVar [[r.EyeAdaptationQuality:2]]
[2024.03.04-17.31.52:204][  0]LogConfig: Setting CVar [[r.BloomQuality:5]]
[2024.03.04-17.31.52:204][  0]LogConfig: Setting CVar [[r.FastBlurThreshold:100]]
[2024.03.04-17.31.52:204][  0]LogConfig: Setting CVar [[r.Upscale.Quality:3]]
[2024.03.04-17.31.52:205][  0]LogConfig: Setting CVar [[r.Tonemapper.GrainQuantization:1]]
[2024.03.04-17.31.52:205][  0]LogConfig: Setting CVar [[r.LightShaftQuality:1]]
[2024.03.04-17.31.52:205][  0]LogConfig: Setting CVar [[r.Filter.SizeScale:1]]
[2024.03.04-17.31.52:205][  0]LogConfig: Setting CVar [[r.Tonemapper.Quality:5]]
[2024.03.04-17.31.52:205][  0]LogConfig: Setting CVar [[r.DOF.Gather.AccumulatorQuality:1        ; higher gathering accumulator quality]]
[2024.03.04-17.31.52:205][  0]LogConfig: Setting CVar [[r.DOF.Gather.PostfilterMethod:1          ; Median3x3 postfilering method]]
[2024.03.04-17.31.52:205][  0]LogConfig: Setting CVar [[r.DOF.Gather.EnableBokehSettings:0       ; no bokeh simulation when gathering]]
[2024.03.04-17.31.52:205][  0]LogConfig: Setting CVar [[r.DOF.Gather.RingCount:4                 ; medium number of samples when gathering]]
[2024.03.04-17.31.52:205][  0]LogConfig: Setting CVar [[r.DOF.Scatter.ForegroundCompositing:1    ; additive foreground scattering]]
[2024.03.04-17.31.52:205][  0]LogConfig: Setting CVar [[r.DOF.Scatter.BackgroundCompositing:2    ; additive background scattering]]
[2024.03.04-17.31.52:205][  0]LogConfig: Setting CVar [[r.DOF.Scatter.EnableBokehSettings:1      ; bokeh simulation when scattering]]
[2024.03.04-17.31.52:205][  0]LogConfig: Setting CVar [[r.DOF.Scatter.MaxSpriteRatio:0.1         ; only a maximum of 10% of scattered bokeh]]
[2024.03.04-17.31.52:205][  0]LogConfig: Setting CVar [[r.DOF.Recombine.Quality:1                ; cheap slight out of focus]]
[2024.03.04-17.31.52:205][  0]LogConfig: Setting CVar [[r.DOF.Recombine.EnableBokehSettings:0    ; no bokeh simulation on slight out of focus]]
[2024.03.04-17.31.52:205][  0]LogConfig: Setting CVar [[r.DOF.TemporalAAQuality:1                ; more stable temporal accumulation]]
[2024.03.04-17.31.52:205][  0]LogConfig: Setting CVar [[r.DOF.Kernel.MaxForegroundRadius:0.025]]
[2024.03.04-17.31.52:206][  0]LogConfig: Setting CVar [[r.DOF.Kernel.MaxBackgroundRadius:0.025]]
[2024.03.04-17.31.52:206][  0]LogConfig: Applying CVar settings from Section [TextureQuality@3] File [D:/Home Work/UE_Home_Work/Module20/Snake/Saved/Config/Windows/Scalability.ini]
[2024.03.04-17.31.52:206][  0]LogConfig: Setting CVar [[r.Streaming.MipBias:0]]
[2024.03.04-17.31.52:206][  0]LogConfig: Setting CVar [[r.Streaming.AmortizeCPUToGPUCopy:0]]
[2024.03.04-17.31.52:206][  0]LogConfig: Setting CVar [[r.Streaming.MaxNumTexturesToStreamPerFrame:0]]
[2024.03.04-17.31.52:206][  0]LogConfig: Setting CVar [[r.Streaming.Boost:1]]
[2024.03.04-17.31.52:206][  0]LogConfig: Setting CVar [[r.MaxAnisotropy:8]]
[2024.03.04-17.31.52:206][  0]LogConfig: Setting CVar [[r.Streaming.LimitPoolSizeToVRAM:0]]
[2024.03.04-17.31.52:206][  0]LogConfig: Setting CVar [[r.Streaming.PoolSize:1000]]
[2024.03.04-17.31.52:206][  0]LogConfig: Setting CVar [[r.Streaming.MaxEffectiveScreenSize:0]]
[2024.03.04-17.31.52:206][  0]LogConfig: Applying CVar settings from Section [EffectsQuality@3] File [D:/Home Work/UE_Home_Work/Module20/Snake/Saved/Config/Windows/Scalability.ini]
[2024.03.04-17.31.52:206][  0]LogConfig: Setting CVar [[r.TranslucencyLightingVolumeDim:64]]
[2024.03.04-17.31.52:206][  0]LogConfig: Setting CVar [[r.RefractionQuality:2]]
[2024.03.04-17.31.52:206][  0]LogConfig: Setting CVar [[r.SSR.Quality:3]]
[2024.03.04-17.31.52:206][  0]LogConfig: Setting CVar [[r.SceneColorFormat:4]]
[2024.03.04-17.31.52:206][  0]LogConfig: Setting CVar [[r.DetailMode:2]]
[2024.03.04-17.31.52:207][  0]LogConfig: Setting CVar [[r.TranslucencyVolumeBlur:1]]
[2024.03.04-17.31.52:207][  0]LogConfig: Setting CVar [[r.MaterialQualityLevel:1 ; High quality]]
[2024.03.04-17.31.52:207][  0]LogConfig: Setting CVar [[r.SSS.Scale:1]]
[2024.03.04-17.31.52:207][  0]LogConfig: Setting CVar [[r.SSS.SampleSet:2]]
[2024.03.04-17.31.52:207][  0]LogConfig: Setting CVar [[r.SSS.Quality:1]]
[2024.03.04-17.31.52:207][  0]LogConfig: Setting CVar [[r.SSS.HalfRes:1]]
[2024.03.04-17.31.52:207][  0]LogConfig: Setting CVar [[r.EmitterSpawnRateScale:1.0]]
[2024.03.04-17.31.52:207][  0]LogConfig: Setting CVar [[r.ParticleLightQuality:2]]
[2024.03.04-17.31.52:207][  0]LogConfig: Applying CVar settings from Section [FoliageQuality@3] File [D:/Home Work/UE_Home_Work/Module20/Snake/Saved/Config/Windows/Scalability.ini]
[2024.03.04-17.31.52:207][  0]LogConfig: Setting CVar [[foliage.DensityScale:1.0]]
[2024.03.04-17.31.52:207][  0]LogConfig: Setting CVar [[grass.DensityScale:1.0]]
[2024.03.04-17.31.52:207][  0]LogConfig: Applying CVar settings from Section [Startup] File [../../../Engine/Config/ConsoleVariables.ini]
[2024.03.04-17.31.52:207][  0]LogConfig: Setting CVar [[net.UseAdaptiveNetUpdateFrequency:0]]
[2024.03.04-17.31.52:208][  0]LogConfig: Setting CVar [[p.chaos.AllowCreatePhysxBodies:1]]
[2024.03.04-17.31.52:208][  0]LogConfig: Applying CVar settings from Section [ConsoleVariables] File [D:/Home Work/UE_Home_Work/Module20/Snake/Saved/Config/Windows/Engine.ini]
[2024.03.04-17.31.52:209][  0]LogInit: Computer: DEMON-PC
[2024.03.04-17.31.52:209][  0]LogInit: User: white
[2024.03.04-17.31.52:209][  0]LogInit: CPU Page size=4096, Cores=6
[2024.03.04-17.31.52:209][  0]LogInit: High frequency timer resolution =10.000000 MHz
[2024.03.04-17.31.52:210][  0]LogMemory: Memory total: Physical=23.9GB (24GB approx)
[2024.03.04-17.31.52:210][  0]LogMemory: Platform Memory Stats for Windows
[2024.03.04-17.31.52:210][  0]LogMemory: Process Physical Memory: 98.62 MB used, 98.62 MB peak
[2024.03.04-17.31.52:210][  0]LogMemory: Process Virtual Memory: 84.34 MB used, 84.34 MB peak
[2024.03.04-17.31.52:210][  0]LogMemory: Physical Memory: 9596.95 MB used,  14898.53 MB free, 24495.48 MB total
[2024.03.04-17.31.52:210][  0]LogMemory: Virtual Memory: 4643.96 MB used,  134213080.00 MB free, 134217728.00 MB total
[2024.03.04-17.31.52:622][  0]LogInit: Using OS detected language (ru-RU).
[2024.03.04-17.31.52:622][  0]LogInit: Using OS detected locale (ru-RU).
[2024.03.04-17.31.52:625][  0]LogTextLocalizationManager: No specific localization for 'ru-RU' exists, so the 'ru' localization will be used.
[2024.03.04-17.31.52:625][  0]LogTextLocalizationResource: LocRes '../../../Engine/Content/Localization/Editor/ru/Editor.locres' could not be opened for reading!
[2024.03.04-17.31.52:625][  0]LogTextLocalizationResource: LocRes '../../../Engine/Content/Localization/EditorTutorials/ru/EditorTutorials.locres' could not be opened for reading!
[2024.03.04-17.31.52:625][  0]LogTextLocalizationResource: LocRes '../../../Engine/Content/Localization/Keywords/ru/Keywords.locres' could not be opened for reading!
[2024.03.04-17.31.52:626][  0]LogTextLocalizationResource: LocRes '../../../Engine/Content/Localization/Category/ru/Category.locres' could not be opened for reading!
[2024.03.04-17.31.52:626][  0]LogTextLocalizationResource: LocRes '../../../Engine/Content/Localization/ToolTips/ru/ToolTips.locres' could not be opened for reading!
[2024.03.04-17.31.52:627][  0]LogTextLocalizationResource: LocRes '../../../Engine/Content/Localization/PropertyNames/ru/PropertyNames.locres' could not be opened for reading!
[2024.03.04-17.31.52:627][  0]LogTextLocalizationResource: LocRes '../../../Engine/Content/Localization/Engine/ru/Engine.locres' could not be opened for reading!
[2024.03.04-17.31.52:660][  0]LogInit: Setting process to per monitor DPI aware
[2024.03.04-17.31.52:764][  0]LogSlate: New Slate User Created.  User Index 0, Is Virtual User: 0
[2024.03.04-17.31.52:764][  0]LogSlate: Slate User Registered.  User Index 0, Is Virtual User: 0
[2024.03.04-17.31.55:539][  0]LogHMD: Failed to initialize OpenVR with code 110
[2024.03.04-17.31.55:539][  0]LogD3D11RHI: D3D11 adapters:
[2024.03.04-17.31.55:719][  0]LogD3D11RHI:    0. 'NVIDIA GeForce GTX 1650' (Feature Level 11_0)
[2024.03.04-17.31.55:719][  0]LogD3D11RHI:       3937/0/12247 MB DedicatedVideo/DedicatedSystem/SharedSystem, Outputs:1, VendorId:0x10de
[2024.03.04-17.31.55:727][  0]LogD3D11RHI:    1. 'Microsoft Basic Render Driver' (Feature Level 11_0)
[2024.03.04-17.31.55:727][  0]LogD3D11RHI:       0/0/12247 MB DedicatedVideo/DedicatedSystem/SharedSystem, Outputs:0, VendorId:0x1414
[2024.03.04-17.31.55:727][  0]LogD3D11RHI: Chosen D3D11 Adapter: 0
[2024.03.04-17.31.55:734][  0]LogD3D11RHI: Creating new Direct3DDevice
[2024.03.04-17.31.55:734][  0]LogD3D11RHI:     GPU DeviceId: 0x1f82 (for the marketing name, search the web for "GPU Device Id")
[2024.03.04-17.31.55:734][  0]LogWindows: EnumDisplayDevices:
[2024.03.04-17.31.55:734][  0]LogWindows:    0. 'NVIDIA GeForce GTX 1650' (P:1 D:1)
[2024.03.04-17.31.55:735][  0]LogWindows:    1. 'NVIDIA GeForce GTX 1650' (P:0 D:0)
[2024.03.04-17.31.55:735][  0]LogWindows:    2. 'NVIDIA GeForce GTX 1650' (P:0 D:0)
[2024.03.04-17.31.55:735][  0]LogWindows:    3. 'NVIDIA GeForce GTX 1650' (P:0 D:0)
[2024.03.04-17.31.55:735][  0]LogWindows: DebugString: FoundDriverCount:4 
[2024.03.04-17.31.55:736][  0]LogD3D11RHI:     Adapter Name: NVIDIA GeForce GTX 1650
[2024.03.04-17.31.55:736][  0]LogD3D11RHI:   Driver Version: 551.61 (internal:31.0.15.5161, unified:551.61)
[2024.03.04-17.31.55:736][  0]LogD3D11RHI:      Driver Date: 2-15-2024
[2024.03.04-17.31.55:736][  0]LogRHI: Texture pool is 2755 MB (70% of 3937 MB)
[2024.03.04-17.31.55:836][  0]LogD3D11RHI: Async texture creation enabled
[2024.03.04-17.31.55:864][  0]LogRendererCore: FGlobalReadBuffer::InitRHI
[2024.03.04-17.31.55:864][  0]LogRendererCore: FGlobalReadBuffer::InitRHI
[2024.03.04-17.31.55:865][  0]LogRendererCore: FGlobalReadBuffer::InitRHI
[2024.03.04-17.31.55:873][  0]LogD3D11RHI: GPU Timing Frequency: 1000.000000 (Debug: 2 1)
[2024.03.04-17.31.56:173][  0]LogTemp: Display: Module 'AllDesktopTargetPlatform' loaded TargetPlatform 'AllDesktop'
[2024.03.04-17.31.56:190][  0]LogTemp: Display: Module 'MacClientTargetPlatform' loaded TargetPlatform 'MacClient'
[2024.03.04-17.31.56:208][  0]LogTemp: Display: Module 'MacNoEditorTargetPlatform' loaded TargetPlatform 'MacNoEditor'
[2024.03.04-17.31.56:225][  0]LogTemp: Display: Module 'MacServerTargetPlatform' loaded TargetPlatform 'MacServer'
[2024.03.04-17.31.56:249][  0]LogTemp: Display: Module 'MacTargetPlatform' loaded TargetPlatform 'Mac'
[2024.03.04-17.31.56:267][  0]LogTemp: Display: Module 'WindowsClientTargetPlatform' loaded TargetPlatform 'WindowsClient'
[2024.03.04-17.31.56:284][  0]LogTemp: Display: Module 'WindowsNoEditorTargetPlatform' loaded TargetPlatform 'WindowsNoEditor'
[2024.03.04-17.31.56:303][  0]LogTemp: Display: Module 'WindowsServerTargetPlatform' loaded TargetPlatform 'WindowsServer'
[2024.03.04-17.31.56:312][  0]LogTemp: Display: Module 'WindowsTargetPlatform' loaded TargetPlatform 'Windows'
[2024.03.04-17.31.56:407][  0]LogTemp: Display: Module 'AndroidTargetPlatform' loaded TargetPlatform 'Android'
[2024.03.04-17.31.56:407][  0]LogTemp: Display: Module 'AndroidTargetPlatform' loaded TargetPlatform 'Android_ASTC'
[2024.03.04-17.31.56:407][  0]LogTemp: Display: Module 'AndroidTargetPlatform' loaded TargetPlatform 'Android_ATC'
[2024.03.04-17.31.56:407][  0]LogTemp: Display: Module 'AndroidTargetPlatform' loaded TargetPlatform 'Android_DXT'
[2024.03.04-17.31.56:407][  0]LogTemp: Display: Module 'AndroidTargetPlatform' loaded TargetPlatform 'Android_ETC1'
[2024.03.04-17.31.56:407][  0]LogTemp: Display: Module 'AndroidTargetPlatform' loaded TargetPlatform 'Android_ETC1a'
[2024.03.04-17.31.56:407][  0]LogTemp: Display: Module 'AndroidTargetPlatform' loaded TargetPlatform 'Android_ETC2'
[2024.03.04-17.31.56:408][  0]LogTemp: Display: Module 'AndroidTargetPlatform' loaded TargetPlatform 'Android_PVRTC'
[2024.03.04-17.31.56:408][  0]LogTemp: Display: Module 'AndroidTargetPlatform' loaded TargetPlatform 'AndroidClient'
[2024.03.04-17.31.56:408][  0]LogTemp: Display: Module 'AndroidTargetPlatform' loaded TargetPlatform 'Android_ASTCClient'
[2024.03.04-17.31.56:408][  0]LogTemp: Display: Module 'AndroidTargetPlatform' loaded TargetPlatform 'Android_ATCClient'
[2024.03.04-17.31.56:408][  0]LogTemp: Display: Module 'AndroidTargetPlatform' loaded TargetPlatform 'Android_DXTClient'
[2024.03.04-17.31.56:408][  0]LogTemp: Display: Module 'AndroidTargetPlatform' loaded TargetPlatform 'Android_ETC1Client'
[2024.03.04-17.31.56:408][  0]LogTemp: Display: Module 'AndroidTargetPlatform' loaded TargetPlatform 'Android_ETC1aClient'
[2024.03.04-17.31.56:408][  0]LogTemp: Display: Module 'AndroidTargetPlatform' loaded TargetPlatform 'Android_ETC2Client'
[2024.03.04-17.31.56:408][  0]LogTemp: Display: Module 'AndroidTargetPlatform' loaded TargetPlatform 'Android_PVRTCClient'
[2024.03.04-17.31.56:409][  0]LogTemp: Display: Module 'AndroidTargetPlatform' loaded TargetPlatform 'Android_Multi'
[2024.03.04-17.31.56:409][  0]LogTemp: Display: Module 'AndroidTargetPlatform' loaded TargetPlatform 'Android_MultiClient'
[2024.03.04-17.31.56:413][  0]LogTemp: Display: Module 'HTML5TargetPlatform' loaded TargetPlatform 'HTML5'
[2024.03.04-17.31.56:501][  0]LogTemp: Display: Module 'IOSTargetPlatform' loaded TargetPlatform 'IOSClient'
[2024.03.04-17.31.56:501][  0]LogTemp: Display: Module 'IOSTargetPlatform' loaded TargetPlatform 'IOS'
[2024.03.04-17.31.56:528][  0]LogTemp: Display: Module 'TVOSTargetPlatform' loaded TargetPlatform 'TVOSClient'
[2024.03.04-17.31.56:528][  0]LogTemp: Display: Module 'TVOSTargetPlatform' loaded TargetPlatform 'TVOS'
[2024.03.04-17.31.56:544][  0]LogTemp: Display: Module 'LinuxClientTargetPlatform' loaded TargetPlatform 'LinuxClient'
[2024.03.04-17.31.56:560][  0]LogTemp: Display: Module 'LinuxNoEditorTargetPlatform' loaded TargetPlatform 'LinuxNoEditor'
[2024.03.04-17.31.56:577][  0]LogTemp: Display: Module 'LinuxServerTargetPlatform' loaded TargetPlatform 'LinuxServer'
[2024.03.04-17.31.56:605][  0]LogTemp: Display: Module 'LinuxTargetPlatform' loaded TargetPlatform 'Linux'
[2024.03.04-17.31.56:657][  0]LogTemp: Display: Module 'LuminTargetPlatform' loaded TargetPlatform 'Lumin'
[2024.03.04-17.31.56:657][  0]LogTemp: Display: Module 'LuminTargetPlatform' loaded TargetPlatform 'LuminClient'
[2024.03.04-17.31.56:658][  0]LogTargetPlatformManager: Display: Building Assets For Windows
[2024.03.04-17.31.56:679][  0]LogAudioDebug: Display: Lib vorbis DLL was dynamically loaded.
[2024.03.04-17.31.56:812][  0]LogShaderCompilers: Guid format shader working directory is 5 characters bigger than the processId version (D:/Home Work/UE_Home_Work/Module20/Snake/Intermediate/Shaders/WorkingDirectory/10088/).
[2024.03.04-17.31.56:812][  0]LogShaderCompilers: Cleaned the shader compiler working directory 'C:/Users/white/AppData/Local/Temp/UnrealShaderWorkingDir/958EC14A41602CB17096D7ACE885B9AD/'.
[2024.03.04-17.31.56:816][  0]LogXGEController: Cleaning working directory: C:/Users/white/AppData/Local/Temp/UnrealXGEWorkingDir/
[2024.03.04-17.31.56:816][  0]LogXGEController: Cannot use XGE Controller as Incredibuild is not installed on this machine.
[2024.03.04-17.31.56:816][  0]LogShaderCompilers: Cannot use XGE Shader Compiler as Incredibuild is not installed on this machine.
[2024.03.04-17.31.56:816][  0]LogShaderCompilers: Display: Using Local Shader Compiler.
[2024.03.04-17.31.59:734][  0]LogDerivedDataCache: Display: Max Cache Size: 512 MB
[2024.03.04-17.31.59:833][  0]LogDerivedDataCache: Loaded boot cache 0.10s 71MB C:/Users/white/AppData/Local/UnrealEngine/4.22/DerivedDataCache/Boot.ddc.
[2024.03.04-17.31.59:833][  0]LogDerivedDataCache: Display: Loaded Boot cache: C:/Users/white/AppData/Local/UnrealEngine/4.22/DerivedDataCache/Boot.ddc
[2024.03.04-17.31.59:833][  0]LogDerivedDataCache: FDerivedDataBackendGraph:  Pak pak cache file D:/Home Work/UE_Home_Work/Module20/Snake/DerivedDataCache/DDC.ddp not found, will not use a pak cache.
[2024.03.04-17.31.59:833][  0]LogDerivedDataCache: Unable to find inner node Pak for hierarchical cache Hierarchy.
[2024.03.04-17.31.59:833][  0]LogDerivedDataCache: FDerivedDataBackendGraph:  CompressedPak pak cache file D:/Home Work/UE_Home_Work/Module20/Snake/DerivedDataCache/Compressed.ddp not found, will not use a pak cache.
[2024.03.04-17.31.59:834][  0]LogDerivedDataCache: Unable to find inner node CompressedPak for hierarchical cache Hierarchy.
[2024.03.04-17.31.59:858][  0]LogDerivedDataCache: Display: Pak cache opened for reading ../../../Engine/DerivedDataCache/Compressed.ddp.
[2024.03.04-17.31.59:858][  0]LogDerivedDataCache: FDerivedDataBackendGraph:  EnterprisePak pak cache file ../../../Enterprise/DerivedDataCache/Compressed.ddp not found, will not use a pak cache.
[2024.03.04-17.31.59:858][  0]LogDerivedDataCache: Unable to find inner node EnterprisePak for hierarchical cache Hierarchy.
[2024.03.04-17.31.59:873][  0]LogDerivedDataCache: Using Local data cache path C:/Users/white/AppData/Local/UnrealEngine/Common/DerivedDataCache: Writable
[2024.03.04-17.31.59:873][  0]LogDerivedDataCache: Shared data cache path not found in *engine.ini, will not use an Shared cache.
[2024.03.04-17.31.59:873][  0]LogDerivedDataCache: Unable to find inner node Shared for hierarchical cache Hierarchy.
[2024.03.04-17.31.59:905][  0]LogMaterial: Verifying Global Shaders for PCD3D_SM5
[2024.03.04-17.31.59:910][  0]LogSlate: Using FreeType 2.6.0
[2024.03.04-17.31.59:927][  0]LogSlate: SlateFontServices - WITH_FREETYPE: 1, WITH_HARFBUZZ: 1
[2024.03.04-17.32.00:082][  0]LogAssetRegistry: FAssetRegistry took 0.0383 seconds to start up
[2024.03.04-17.32.00:464][  0]LogInit: Selected Device Profile: [Windows]
[2024.03.04-17.32.00:755][  0]LogMeshReduction: Using QuadricMeshReduction for automatic static mesh reduction
[2024.03.04-17.32.00:755][  0]LogMeshReduction: Using SimplygonMeshReduction for automatic skeletal mesh reduction
[2024.03.04-17.32.00:755][  0]LogMeshReduction: Using ProxyLODMeshReduction for automatic mesh merging
[2024.03.04-17.32.00:755][  0]LogMeshReduction: No distributed automatic mesh merging module available
[2024.03.04-17.32.00:755][  0]LogMeshMerging: No distributed automatic mesh merging module available
[2024.03.04-17.32.00:807][  0]LogNetVersion: Snake 1.0.0, NetCL: 5660361, EngineNetVer: 10, GameNetVer: 0 (Checksum: 1424248934)
[2024.03.04-17.32.01:911][  0]LogPackageLocalizationCache: Processed 10 localized package path(s) for 1 prioritized culture(s) in 0.027403 seconds
[2024.03.04-17.32.01:917][  0]LogUObjectArray: 42205 objects as part of root set at end of initial load.
[2024.03.04-17.32.01:917][  0]LogUObjectAllocator: 7325032 out of 0 bytes used by permanent object pool.
[2024.03.04-17.32.01:918][  0]LogUObjectArray: CloseDisregardForGC: 0/0 objects in disregard for GC pool
[2024.03.04-17.32.03:853][  0]LogTcpMessaging: Initializing TcpMessaging bridge
[2024.03.04-17.32.03:875][  0]LogUdpMessaging: Initializing bridge on interface 0.0.0.0:0 to multicast group 230.0.0.1:6666.
[2024.03.04-17.32.04:459][  0]SourceControl: Source control is disabled
[2024.03.04-17.32.04:460][  0]SourceControl: Source control is disabled
[2024.03.04-17.32.04:470][  0]SourceControl: Source control is disabled
[2024.03.04-17.32.04:477][  0]SourceControl: Source control is disabled
[2024.03.04-17.32.04:692][  0]LogAndroidPermission: UAndroidPermissionCallbackProxy::GetInstance
[2024.03.04-17.32.04:853][  0]LogOcInput: OculusInput pre-init called
[2024.03.04-17.32.05:699][  0]LogEngine: Initializing Engine...
[2024.03.04-17.32.05:701][  0]LogHMD: Failed to initialize OpenVR with code 110
[2024.03.04-17.32.05:703][  0]LogStats: UGameplayTagsManager::InitializeManager -  0.001 s
[2024.03.04-17.32.06:127][  0]LogInit: Initializing FReadOnlyCVARCache
[2024.03.04-17.32.06:161][  0]LogAIModule: Creating AISystem for world Untitled
[2024.03.04-17.32.06:194][  0]LogInit: XAudio2 using 'Динамики (High Definition Audio Device)' : 2 channels at 48 kHz using 16 bits per sample (channel mask 0x3)
[2024.03.04-17.32.06:257][  0]LogInit: FAudioDevice initialized.
[2024.03.04-17.32.06:258][  0]LogNetVersion: Set ProjectVersion to 1.0.0.0. Version Checksum will be recalculated on next use.
[2024.03.04-17.32.06:305][  0]LogDerivedDataCache: Saved boot cache 0.05s 71MB C:/Users/white/AppData/Local/UnrealEngine/4.22/DerivedDataCache/Boot.ddc.
[2024.03.04-17.32.06:309][  0]LogInit: Texture streaming: Enabled
[2024.03.04-17.32.06:341][  0]LogEngineSessionManager: EngineSessionManager initialized
[2024.03.04-17.32.06:341][  0]LogEngineSessionManager: EngineSessionManager sent abnormal shutdown report. Type=Debugger, SessionId={3CB01E50-4DCD-53D1-CBB9-FDAAD9D4039F}
[2024.03.04-17.32.06:341][  0]LogEngineSessionManager: EngineSessionManager sent abnormal shutdown report. Type=Debugger, SessionId={25DC6F20-4686-332A-2459-009DE41BE570}
[2024.03.04-17.32.06:341][  0]LogEngineSessionManager: EngineSessionManager sent abnormal shutdown report. Type=Debugger, SessionId={3190AA8F-400D-131B-8FB1-4D94C796415E}
[2024.03.04-17.32.06:369][  0]LogInit: Transaction tracking system initialized
[2024.03.04-17.32.06:425][  0]BlueprintLog: New page: Editor Load
[2024.03.04-17.32.06:638][  0]LocalizationService: Localization service is disabled
[2024.03.04-17.32.07:316][  0]LogFileCache: Scanning file cache for directory 'D:/Home Work/UE_Home_Work/Module20/Snake/Content/' took 0.01s
[2024.03.04-17.32.07:316][  0]LogCook: Display: Max memory allowance for cook 16384mb min free memory 0mb
[2024.03.04-17.32.07:317][  0]LogCook: Display: Mobile HDR setting 1
[2024.03.04-17.32.07:522][  0]LogLinker: Warning: Can't find file '/Engine/BasicShapes/Sphere'
[2024.03.04-17.32.07:522][  0]LogLinker: Warning: Can't find file '/Engine/BasicShapes/Sphere'
[2024.03.04-17.32.07:522][  0]LogUObjectGlobals: Warning: Failed to find object 'StaticMesh /Engine/BasicShapes/Sphere.Sphere'
[2024.03.04-17.32.07:743][  0]SourceControl: Source control is disabled
[2024.03.04-17.32.07:744][  0]Cmd: MAP LOAD FILE="D:/Home Work/UE_Home_Work/Module20/Snake/Content/Main.umap" TEMPLATE=0 SHOWPROGRESS=1 FEATURELEVEL=3
[2024.03.04-17.32.07:746][  0]LightingResults: New page: Lighting Build
[2024.03.04-17.32.07:751][  0]MapCheck: New page: Map Check
[2024.03.04-17.32.07:751][  0]LightingResults: New page: Lighting Build
[2024.03.04-17.32.07:782][  0]LogUObjectHash: Compacting FUObjectHashTables data took   1.63ms
[2024.03.04-17.32.07:941][  0]LogAIModule: Creating AISystem for world Main
[2024.03.04-17.32.07:964][  0]LogEditorServer: Finished looking for orphan Actors (0.000 secs)
[2024.03.04-17.32.07:994][  0]LogUObjectHash: Compacting FUObjectHashTables data took   1.94ms
[2024.03.04-17.32.07:995][  0]Cmd: MAP CHECKDEP NOCLEARLOG
[2024.03.04-17.32.07:995][  0]MapCheck: Map check complete: 0 Error(s), 0 Warning(s), took 0,129ms to complete.
[2024.03.04-17.32.07:995][  0]LogFileHelpers: Loading map 'Main' took 0.251
[2024.03.04-17.32.08:183][  0]LogSlate: Updating window title bar state: overlay mode, drag disabled, window buttons hidden, title bar hidden
[2024.03.04-17.32.08:192][  0]LogSlate: Updating window title bar state: overlay mode, drag disabled, window buttons hidden, title bar hidden
[2024.03.04-17.32.08:199][  0]LogSlate: Updating window title bar state: overlay mode, drag disabled, window buttons hidden, title bar hidden
[2024.03.04-17.32.08:207][  0]LogSlate: Updating window title bar state: overlay mode, drag disabled, window buttons hidden, title bar hidden
[2024.03.04-17.32.08:226][  0]LogCollectionManager: Loaded 0 collections in 0.001889 seconds
[2024.03.04-17.32.08:269][  0]LogFileCache: Scanning file cache for directory 'D:/Home Work/UE_Home_Work/Module20/Snake/Saved/Collections/' took 0.01s
[2024.03.04-17.32.08:270][  0]LogFileCache: Scanning file cache for directory 'D:/Home Work/UE_Home_Work/Module20/Snake/Content/Developers/white/Collections/' took 0.01s
[2024.03.04-17.32.08:270][  0]LogFileCache: Scanning file cache for directory 'D:/Home Work/UE_Home_Work/Module20/Snake/Content/Collections/' took 0.00s
[2024.03.04-17.32.08:270][  0]LogCollectionManager: Rebuilt the GUID cache for 0 collections in 0.000001 seconds
[2024.03.04-17.32.08:282][  0]LogContentBrowser: Native class hierarchy populated in 0.0100 seconds. Added 2736 classes and 661 folders.
[2024.03.04-17.32.08:294][  0]LogContentBrowser: Native class hierarchy updated for 'WidgetCarousel' in 0.0003 seconds. Added 0 classes and 0 folders.
[2024.03.04-17.32.08:299][  0]LogPakFile: Registered encryption key '00000000000000000000000000000000': 0 pak files mounted, 0 remain pending
[2024.03.04-17.32.08:311][  0]LogPakFile: Registered encryption key '00000000000000000000000000000000': 0 pak files mounted, 0 remain pending
[2024.03.04-17.32.08:338][  0]LogPakFile: Registered encryption key '00000000000000000000000000000000': 0 pak files mounted, 0 remain pending
[2024.03.04-17.32.08:346][  0]LogPakFile: Registered encryption key '00000000000000000000000000000000': 0 pak files mounted, 0 remain pending
[2024.03.04-17.32.08:355][  0]LogPakFile: Registered encryption key '00000000000000000000000000000000': 0 pak files mounted, 0 remain pending
[2024.03.04-17.32.08:362][  0]LogPakFile: Registered encryption key '00000000000000000000000000000000': 0 pak files mounted, 0 remain pending
[2024.03.04-17.32.08:370][  0]LogPakFile: Registered encryption key '00000000000000000000000000000000': 0 pak files mounted, 0 remain pending
[2024.03.04-17.32.08:378][  0]LogPakFile: Registered encryption key '00000000000000000000000000000000': 0 pak files mounted, 0 remain pending
[2024.03.04-17.32.08:384][  0]LogPakFile: Registered encryption key '00000000000000000000000000000000': 0 pak files mounted, 0 remain pending
[2024.03.04-17.32.08:394][  0]LogPakFile: Registered encryption key '00000000000000000000000000000000': 0 pak files mounted, 0 remain pending
[2024.03.04-17.32.08:401][  0]LogPakFile: Registered encryption key '00000000000000000000000000000000': 0 pak files mounted, 0 remain pending
[2024.03.04-17.32.08:408][  0]LogPakFile: Registered encryption key '00000000000000000000000000000000': 0 pak files mounted, 0 remain pending
[2024.03.04-17.32.08:415][  0]LogPakFile: Registered encryption key '00000000000000000000000000000000': 0 pak files mounted, 0 remain pending
[2024.03.04-17.32.08:422][  0]LogPakFile: Registered encryption key '00000000000000000000000000000000': 0 pak files mounted, 0 remain pending
[2024.03.04-17.32.08:430][  0]LogPakFile: Registered encryption key '00000000000000000000000000000000': 0 pak files mounted, 0 remain pending
[2024.03.04-17.32.08:437][  0]LogPakFile: Registered encryption key '00000000000000000000000000000000': 0 pak files mounted, 0 remain pending
[2024.03.04-17.32.08:477][  0]LogPakFile: Registered encryption key '00000000000000000000000000000000': 0 pak files mounted, 0 remain pending
[2024.03.04-17.32.08:486][  0]LogPakFile: Registered encryption key '00000000000000000000000000000000': 0 pak files mounted, 0 remain pending
[2024.03.04-17.32.08:493][  0]LogPakFile: Registered encryption key '00000000000000000000000000000000': 0 pak files mounted, 0 remain pending
[2024.03.04-17.32.08:500][  0]LogPakFile: Registered encryption key '00000000000000000000000000000000': 0 pak files mounted, 0 remain pending
[2024.03.04-17.32.08:508][  0]LogPakFile: Registered encryption key '00000000000000000000000000000000': 0 pak files mounted, 0 remain pending
[2024.03.04-17.32.08:516][  0]LogPakFile: Registered encryption key '00000000000000000000000000000000': 0 pak files mounted, 0 remain pending
[2024.03.04-17.32.08:523][  0]LogPakFile: Registered encryption key '00000000000000000000000000000000': 0 pak files mounted, 0 remain pending
[2024.03.04-17.32.08:530][  0]LogPakFile: Registered encryption key '00000000000000000000000000000000': 0 pak files mounted, 0 remain pending
[2024.03.04-17.32.08:537][  0]LogPakFile: Registered encryption key '00000000000000000000000000000000': 0 pak files mounted, 0 remain pending
[2024.03.04-17.32.08:545][  0]LogPakFile: Registered encryption key '00000000000000000000000000000000': 0 pak files mounted, 0 remain pending
[2024.03.04-17.32.08:697][  0]LogContentBrowser: Native class hierarchy updated for 'AddContentDialog' in 0.0003 seconds. Added 0 classes and 0 folders.
[2024.03.04-17.32.08:710][  0]LogContentBrowser: Native class hierarchy updated for 'SceneOutliner' in 0.0003 seconds. Added 1 classes and 2 folders.
[2024.03.04-17.32.08:759][  0]LogSlate: Took 0.006903 seconds to synchronously load lazily loaded font '../../../Engine/Content/Slate/Fonts/Roboto-Regular.ttf' (155K)
[2024.03.04-17.32.08:767][  0]LogSlate: Took 0.006103 seconds to synchronously load lazily loaded font '../../../Engine/Content/Slate/Fonts/Roboto-Bold.ttf' (160K)
[2024.03.04-17.32.08:780][  0]LogSlate: Took 0.007025 seconds to synchronously load lazily loaded font '../../../Engine/Content/Editor/Slate/Fonts/FontAwesome.ttf' (139K)
[2024.03.04-17.32.08:933][  0]LogRenderer: Reallocating scene render targets to support 1208x568 Format 10 NumSamples 1 (Frame:1).
[2024.03.04-17.32.08:998][  0]LogSlate: Took 0.000779 seconds to synchronously load lazily loaded font '../../../Engine/Content/Slate/Fonts/Roboto-Light.ttf' (167K)
[2024.03.04-17.32.09:081][  0]LogContentBrowser: Native class hierarchy updated for 'HierarchicalLODOutliner' in 0.0003 seconds. Added 0 classes and 0 folders.
[2024.03.04-17.32.09:081][  0]LogLoad: (Engine Initialization) Total time: 19.70 seconds
[2024.03.04-17.32.09:081][  0]LogLoad: (Engine Initialization) Total Blueprint compile time: 0.00 seconds
[2024.03.04-17.32.09:115][  0]LogAssetRegistry: Asset discovery search completed in 9.0593 seconds
[2024.03.04-17.32.09:118][  0]LogCollectionManager: Rebuilt the object cache for 0 collections in 0.000000 seconds (found 0 objects)
[2024.03.04-17.32.09:118][  0]LogCollectionManager: Fixed up redirectors for 0 collections in 0.000115 seconds (updated 0 objects)
[2024.03.04-17.32.09:121][  0]LogContentStreaming: Texture pool size now 1000 MB
[2024.03.04-17.32.40:458][253]LogWindowsTextInputMethodSystem: Display: IME system now deactivated.
[2024.03.04-17.32.40:459][253]LogWindowsTextInputMethodSystem: Display: IME system now deactivated.
[2024.03.04-17.32.41:576][358]LogSlate: FSceneViewport::OnFocusLost() reason 0
[2024.03.04-17.32.41:692][372]LogTemp: Repeating last play command: Selected Viewport
[2024.03.04-17.32.41:699][372]LogBlueprintUserMessages: Early PlayInEditor Detection: Level '/Game/Main.Main:PersistentLevel' has LevelScriptBlueprint '/Game/Main.Main:PersistentLevel.Main' with GeneratedClass '/Game/Main.Main_C' with ClassGeneratedBy '/Game/Main.Main:PersistentLevel.Main'
[2024.03.04-17.32.41:700][372]LogPlayLevel: PlayLevel: No blueprints needed recompiling
[2024.03.04-17.32.41:700][372]PIE: New page: PIE session: Main (4 марта 2024 г., 23:32:41)
[2024.03.04-17.32.41:716][372]LogPlayLevel: Creating play world package: /Game/UEDPIE_0_Main
[2024.03.04-17.32.41:718][372]LogPlayLevel: PIE: StaticDuplicateObject took: (0.002288s)
[2024.03.04-17.32.41:719][372]LogAIModule: Creating AISystem for world Main
[2024.03.04-17.32.41:719][372]LogPlayLevel: PIE: World Init took: (0.000748s)
[2024.03.04-17.32.41:719][372]LogPlayLevel: PIE: Created PIE world by copying editor world from /Game/Main.Main to /Game/UEDPIE_0_Main.Main (0.003471s)
[2024.03.04-17.32.41:747][372]LogUObjectHash: Compacting FUObjectHashTables data took   1.37ms
[2024.03.04-17.32.41:767][372]LogInit: XAudio2 using 'Динамики (High Definition Audio Device)' : 2 channels at 48 kHz using 16 bits per sample (channel mask 0x3)
[2024.03.04-17.32.41:784][372]LogInit: FAudioDevice initialized.
[2024.03.04-17.32.41:906][372]LogLoad: Game class is 'BP_SnakeGameMode_C'
[2024.03.04-17.32.41:909][372]LogWorld: Bringing World /Game/UEDPIE_0_Main.Main up for play (max tick rate 0) at 2024.03.04-20.32.41
[2024.03.04-17.32.41:910][372]LogWorld: Bringing up level for play took: 0.000958
[2024.03.04-17.32.41:931][372]LogContentBrowser: Native class hierarchy updated for 'MovieSceneCapture' in 0.0004 seconds. Added 20 classes and 0 folders.
[2024.03.04-17.32.41:934][372]LogActor: Warning: SnakeElementBP_C /Game/UEDPIE_0_Main.Main:PersistentLevel.SnakeElementBP_C_0 has natively added scene component(s), but none of them were set as the actor's RootComponent - picking one arbitrarily
[2024.03.04-17.32.41:934][372]LogActor: Warning: SnakeElementBP_C /Game/UEDPIE_0_Main.Main:PersistentLevel.SnakeElementBP_C_1 has natively added scene component(s), but none of them were set as the actor's RootComponent - picking one arbitrarily
[2024.03.04-17.32.41:934][372]LogActor: Warning: SnakeElementBP_C /Game/UEDPIE_0_Main.Main:PersistentLevel.SnakeElementBP_C_2 has natively added scene component(s), but none of them were set as the actor's RootComponent - picking one arbitrarily
[2024.03.04-17.32.41:934][372]LogActor: Warning: SnakeElementBP_C /Game/UEDPIE_0_Main.Main:PersistentLevel.SnakeElementBP_C_3 has natively added scene component(s), but none of them were set as the actor's RootComponent - picking one arbitrarily
[2024.03.04-17.32.41:935][372]PIE: Play in editor start time for /Game/UEDPIE_0_Main 0,081
[2024.03.04-17.32.41:935][372]LogBlueprintUserMessages: Late PlayInEditor Detection: Level '/Game/Main.Main:PersistentLevel' has LevelScriptBlueprint '/Game/Main.Main:PersistentLevel.Main' with GeneratedClass '/Game/Main.Main_C' with ClassGeneratedBy '/Game/Main.Main:PersistentLevel.Main'
[2024.03.04-17.32.41:966][373]LogActor: Warning: SnakeElementBP_C /Engine/Transient.World_0:PersistentLevel.SnakeElementBP_C_0 has natively added scene component(s), but none of them were set as the actor's RootComponent - picking one arbitrarily
[2024.03.04-17.32.45:791][830]LogBlueprintUserMessages: Early EndPlayMap Detection: Level '/Game/Main.Main:PersistentLevel' has LevelScriptBlueprint '/Game/Main.Main:PersistentLevel.Main' with GeneratedClass '/Game/Main.Main_C' with ClassGeneratedBy '/Game/Main.Main:PersistentLevel.Main'
[2024.03.04-17.32.45:791][830]LogSlate: Updating window title bar state: overlay mode, drag disabled, window buttons hidden, title bar hidden
[2024.03.04-17.32.45:830][830]LogPlayLevel: Display: Shutting down PIE online subsystems
[2024.03.04-17.32.45:830][830]LogBlueprintUserMessages: Late EndPlayMap Detection: Level '/Game/Main.Main:PersistentLevel' has LevelScriptBlueprint '/Game/Main.Main:PersistentLevel.Main' with GeneratedClass '/Game/Main.Main_C' with ClassGeneratedBy '/Game/Main.Main:PersistentLevel.Main'
[2024.03.04-17.32.45:861][830]LogSlate: Updating window title bar state: overlay mode, drag disabled, window buttons hidden, title bar hidden
[2024.03.04-17.32.45:865][830]LogUObjectHash: Compacting FUObjectHashTables data took   1.69ms
[2024.03.04-17.32.45:891][833]LogPlayLevel: Display: Destroying online subsystem :Context_1
[2024.03.04-17.32.48:289][119]LogSlate: Took 0.000178 seconds to synchronously load lazily loaded font '../../../Engine/Content/Slate/Fonts/Roboto-Light.ttf' (167K)
[2024.03.04-17.32.48:299][119]LogAssetEditorManager: Opening Asset editor for Blueprint /Game/SnakeBaseBP.SnakeBaseBP
[2024.03.04-17.32.48:690][119]LogContentBrowser: Native class hierarchy updated for 'BlueprintGraph' in 0.0006 seconds. Added 121 classes and 0 folders.
[2024.03.04-17.32.49:554][119]LogSlate: Took 0.005174 seconds to synchronously load lazily loaded font '../../../Engine/Content/Slate/Fonts/Roboto-BoldCondensed.ttf' (158K)
[2024.03.04-17.32.56:856][969]BlueprintLog: New page: Compile SnakeBaseBP
[2024.03.04-17.32.57:010][969]LogUObjectHash: Compacting FUObjectHashTables data took   3.13ms
[2024.03.04-17.32.57:820][ 59]Cmd: OBJ SAVEPACKAGE PACKAGE="/Game/SnakeBaseBP" FILE="D:/Home Work/UE_Home_Work/Module20/Snake/Content/SnakeBaseBP.uasset" SILENT=true
[2024.03.04-17.32.57:838][ 59]LogSavePackage: Moving 'D:/Home Work/UE_Home_Work/Module20/Snake/Saved/SnakeBaseBP431D1E48455A7A29FBAF2A8F7BCB5807.tmp' to 'D:/Home Work/UE_Home_Work/Module20/Snake/Content/SnakeBaseBP.uasset'
[2024.03.04-17.33.00:667][395]LogSlate: Window 'SnakeBaseBP' being destroyed
[2024.03.04-17.33.00:672][395]LogSlate: Window 'SnakeBaseBP' being destroyed
[2024.03.04-17.33.02:038][550]LogTemp: Repeating last play command: Selected Viewport
[2024.03.04-17.33.02:046][550]LogBlueprintUserMessages: Early PlayInEditor Detection: Level '/Game/Main.Main:PersistentLevel' has LevelScriptBlueprint '/Game/Main.Main:PersistentLevel.Main' with GeneratedClass '/Game/Main.Main_C' with ClassGeneratedBy '/Game/Main.Main:PersistentLevel.Main'
[2024.03.04-17.33.02:047][550]LogPlayLevel: PlayLevel: No blueprints needed recompiling
[2024.03.04-17.33.02:047][550]PIE: New page: PIE session: Main (4 марта 2024 г., 23:33:02)
[2024.03.04-17.33.02:047][550]LogPlayLevel: Creating play world package: /Game/UEDPIE_0_Main
[2024.03.04-17.33.02:049][550]LogPlayLevel: PIE: StaticDuplicateObject took: (0.002296s)
[2024.03.04-17.33.02:050][550]LogAIModule: Creating AISystem for world Main
[2024.03.04-17.33.02:050][550]LogPlayLevel: PIE: World Init took: (0.000806s)
[2024.03.04-17.33.02:051][550]LogPlayLevel: PIE: Created PIE world by copying editor world from /Game/Main.Main to /Game/UEDPIE_0_Main.Main (0.003684s)
[2024.03.04-17.33.02:085][550]LogUObjectHash: Compacting FUObjectHashTables data took   2.77ms
[2024.03.04-17.33.02:104][550]LogInit: XAudio2 using 'Динамики (High Definition Audio Device)' : 2 channels at 48 kHz using 16 bits per sample (channel mask 0x3)
[2024.03.04-17.33.02:120][550]LogInit: FAudioDevice initialized.
[2024.03.04-17.33.02:160][550]LogLoad: Game class is 'BP_SnakeGameMode_C'
[2024.03.04-17.33.02:165][550]LogWorld: Bringing World /Game/UEDPIE_0_Main.Main up for play (max tick rate 0) at 2024.03.04-20.33.02
[2024.03.04-17.33.02:166][550]LogWorld: Bringing up level for play took: 0.002249
[2024.03.04-17.33.02:187][550]LogActor: Warning: SnakeElementBP_C /Game/UEDPIE_0_Main.Main:PersistentLevel.SnakeElementBP_C_0 has natively added scene component(s), but none of them were set as the actor's RootComponent - picking one arbitrarily
[2024.03.04-17.33.02:188][550]LogActor: Warning: SnakeElementBP_C /Game/UEDPIE_0_Main.Main:PersistentLevel.SnakeElementBP_C_1 has natively added scene component(s), but none of them were set as the actor's RootComponent - picking one arbitrarily
[2024.03.04-17.33.02:189][550]LogActor: Warning: SnakeElementBP_C /Game/UEDPIE_0_Main.Main:PersistentLevel.SnakeElementBP_C_2 has natively added scene component(s), but none of them were set as the actor's RootComponent - picking one arbitrarily
[2024.03.04-17.33.02:190][550]LogActor: Warning: SnakeElementBP_C /Game/UEDPIE_0_Main.Main:PersistentLevel.SnakeElementBP_C_3 has natively added scene component(s), but none of them were set as the actor's RootComponent - picking one arbitrarily
[2024.03.04-17.33.02:191][550]PIE: Play in editor start time for /Game/UEDPIE_0_Main 0,336
[2024.03.04-17.33.02:191][550]LogBlueprintUserMessages: Late PlayInEditor Detection: Level '/Game/Main.Main:PersistentLevel' has LevelScriptBlueprint '/Game/Main.Main:PersistentLevel.Main' with GeneratedClass '/Game/Main.Main_C' with ClassGeneratedBy '/Game/Main.Main:PersistentLevel.Main'
[2024.03.04-17.33.07:797][219]LogBlueprintUserMessages: Early EndPlayMap Detection: Level '/Game/Main.Main:PersistentLevel' has LevelScriptBlueprint '/Game/Main.Main:PersistentLevel.Main' with GeneratedClass '/Game/Main.Main_C' with ClassGeneratedBy '/Game/Main.Main:PersistentLevel.Main'
[2024.03.04-17.33.07:797][219]LogSlate: Updating window title bar state: overlay mode, drag disabled, window buttons hidden, title bar hidden
[2024.03.04-17.33.07:831][219]LogPlayLevel: Display: Shutting down PIE online subsystems
[2024.03.04-17.33.07:832][219]LogBlueprintUserMessages: Late EndPlayMap Detection: Level '/Game/Main.Main:PersistentLevel' has LevelScriptBlueprint '/Game/Main.Main:PersistentLevel.Main' with GeneratedClass '/Game/Main.Main_C' with ClassGeneratedBy '/Game/Main.Main:PersistentLevel.Main'
[2024.03.04-17.33.07:865][219]LogSlate: Updating window title bar state: overlay mode, drag disabled, window buttons hidden, title bar hidden
[2024.03.04-17.33.07:869][219]LogUObjectHash: Compacting FUObjectHashTables data took   2.09ms
[2024.03.04-17.33.07:896][222]LogPlayLevel: Display: Destroying online subsystem :Context_5
[2024.03.04-17.33.08:821][333]LogTemp: Repeating last play command: Selected Viewport
[2024.03.04-17.33.08:828][333]LogBlueprintUserMessages: Early PlayInEditor Detection: Level '/Game/Main.Main:PersistentLevel' has LevelScriptBlueprint '/Game/Main.Main:PersistentLevel.Main' with GeneratedClass '/Game/Main.Main_C' with ClassGeneratedBy '/Game/Main.Main:PersistentLevel.Main'
[2024.03.04-17.33.08:828][333]LogPlayLevel: PlayLevel: No blueprints needed recompiling
[2024.03.04-17.33.08:829][333]PIE: New page: PIE session: Main (4 марта 2024 г., 23:33:08)
[2024.03.04-17.33.08:829][333]LogPlayLevel: Creating play world package: /Game/UEDPIE_0_Main
[2024.03.04-17.33.08:831][333]LogPlayLevel: PIE: StaticDuplicateObject took: (0.002548s)
[2024.03.04-17.33.08:832][333]LogAIModule: Creating AISystem for world Main
[2024.03.04-17.33.08:832][333]LogPlayLevel: PIE: World Init took: (0.000731s)
[2024.03.04-17.33.08:832][333]LogPlayLevel: PIE: Created PIE world by copying editor world from /Game/Main.Main to /Game/UEDPIE_0_Main.Main (0.003831s)
[2024.03.04-17.33.08:863][333]LogUObjectHash: Compacting FUObjectHashTables data took   1.71ms
[2024.03.04-17.33.08:881][333]LogInit: XAudio2 using 'Динамики (High Definition Audio Device)' : 2 channels at 48 kHz using 16 bits per sample (channel mask 0x3)
[2024.03.04-17.33.08:897][333]LogInit: FAudioDevice initialized.
[2024.03.04-17.33.08:930][333]LogLoad: Game class is 'BP_SnakeGameMode_C'
[2024.03.04-17.33.08:931][333]LogWorld: Bringing World /Game/UEDPIE_0_Main.Main up for play (max tick rate 0) at 2024.03.04-20.33.08
[2024.03.04-17.33.08:931][333]LogWorld: Bringing up level for play took: 0.000650
[2024.03.04-17.33.08:946][333]LogActor: Warning: SnakeElementBP_C /Game/UEDPIE_0_Main.Main:PersistentLevel.SnakeElementBP_C_0 has natively added scene component(s), but none of them were set as the actor's RootComponent - picking one arbitrarily
[2024.03.04-17.33.08:946][333]LogActor: Warning: SnakeElementBP_C /Game/UEDPIE_0_Main.Main:PersistentLevel.SnakeElementBP_C_1 has natively added scene component(s), but none of them were set as the actor's RootComponent - picking one arbitrarily
[2024.03.04-17.33.08:946][333]LogActor: Warning: SnakeElementBP_C /Game/UEDPIE_0_Main.Main:PersistentLevel.SnakeElementBP_C_2 has natively added scene component(s), but none of them were set as the actor's RootComponent - picking one arbitrarily
[2024.03.04-17.33.08:947][333]LogActor: Warning: SnakeElementBP_C /Game/UEDPIE_0_Main.Main:PersistentLevel.SnakeElementBP_C_3 has natively added scene component(s), but none of them were set as the actor's RootComponent - picking one arbitrarily
[2024.03.04-17.33.08:947][333]PIE: Play in editor start time for /Game/UEDPIE_0_Main 1,093
[2024.03.04-17.33.08:947][333]LogBlueprintUserMessages: Late PlayInEditor Detection: Level '/Game/Main.Main:PersistentLevel' has LevelScriptBlueprint '/Game/Main.Main:PersistentLevel.Main' with GeneratedClass '/Game/Main.Main_C' with ClassGeneratedBy '/Game/Main.Main:PersistentLevel.Main'
[2024.03.04-17.33.11:422][627]LogBlueprintUserMessages: Early EndPlayMap Detection: Level '/Game/Main.Main:PersistentLevel' has LevelScriptBlueprint '/Game/Main.Main:PersistentLevel.Main' with GeneratedClass '/Game/Main.Main_C' with ClassGeneratedBy '/Game/Main.Main:PersistentLevel.Main'
[2024.03.04-17.33.11:422][627]LogSlate: Updating window title bar state: overlay mode, drag disabled, window buttons hidden, title bar hidden
[2024.03.04-17.33.11:455][627]LogPlayLevel: Display: Shutting down PIE online subsystems
[2024.03.04-17.33.11:455][627]LogBlueprintUserMessages: Late EndPlayMap Detection: Level '/Game/Main.Main:PersistentLevel' has LevelScriptBlueprint '/Game/Main.Main:PersistentLevel.Main' with GeneratedClass '/Game/Main.Main_C' with ClassGeneratedBy '/Game/Main.Main:PersistentLevel.Main'
[2024.03.04-17.33.11:490][627]LogSlate: Updating window title bar state: overlay mode, drag disabled, window buttons hidden, title bar hidden
[2024.03.04-17.33.11:494][627]LogUObjectHash: Compacting FUObjectHashTables data took   1.74ms
[2024.03.04-17.33.11:529][631]LogPlayLevel: Display: Destroying online subsystem :Context_6
[2024.03.04-17.33.26:372][ 57]LogTemp: Repeating last play command: Selected Viewport
[2024.03.04-17.33.26:381][ 57]LogBlueprintUserMessages: Early PlayInEditor Detection: Level '/Game/Main.Main:PersistentLevel' has LevelScriptBlueprint '/Game/Main.Main:PersistentLevel.Main' with GeneratedClass '/Game/Main.Main_C' with ClassGeneratedBy '/Game/Main.Main:PersistentLevel.Main'
[2024.03.04-17.33.26:381][ 57]LogPlayLevel: PlayLevel: No blueprints needed recompiling
[2024.03.04-17.33.26:381][ 57]PIE: New page: PIE session: Main (4 марта 2024 г., 23:33:26)
[2024.03.04-17.33.26:382][ 57]LogPlayLevel: Creating play world package: /Game/UEDPIE_0_Main
[2024.03.04-17.33.26:384][ 57]LogPlayLevel: PIE: StaticDuplicateObject took: (0.002188s)
[2024.03.04-17.33.26:384][ 57]LogAIModule: Creating AISystem for world Main
[2024.03.04-17.33.26:385][ 57]LogPlayLevel: PIE: World Init took: (0.000920s)
[2024.03.04-17.33.26:385][ 57]LogPlayLevel: PIE: Created PIE world by copying editor world from /Game/Main.Main to /Game/UEDPIE_0_Main.Main (0.003504s)
[2024.03.04-17.33.26:416][ 57]LogUObjectHash: Compacting FUObjectHashTables data took   1.77ms
[2024.03.04-17.33.26:434][ 57]LogInit: XAudio2 using 'Динамики (High Definition Audio Device)' : 2 channels at 48 kHz using 16 bits per sample (channel mask 0x3)
[2024.03.04-17.33.26:450][ 57]LogInit: FAudioDevice initialized.
[2024.03.04-17.33.26:492][ 57]LogLoad: Game class is 'BP_SnakeGameMode_C'
[2024.03.04-17.33.26:496][ 57]LogWorld: Bringing World /Game/UEDPIE_0_Main.Main up for play (max tick rate 0) at 2024.03.04-20.33.26
[2024.03.04-17.33.26:497][ 57]LogWorld: Bringing up level for play took: 0.001963
[2024.03.04-17.33.26:516][ 57]LogActor: Warning: SnakeElementBP_C /Game/UEDPIE_0_Main.Main:PersistentLevel.SnakeElementBP_C_0 has natively added scene component(s), but none of them were set as the actor's RootComponent - picking one arbitrarily
[2024.03.04-17.33.26:517][ 57]LogActor: Warning: SnakeElementBP_C /Game/UEDPIE_0_Main.Main:PersistentLevel.SnakeElementBP_C_1 has natively added scene component(s), but none of them were set as the actor's RootComponent - picking one arbitrarily
[2024.03.04-17.33.26:517][ 57]LogActor: Warning: SnakeElementBP_C /Game/UEDPIE_0_Main.Main:PersistentLevel.SnakeElementBP_C_2 has natively added scene component(s), but none of them were set as the actor's RootComponent - picking one arbitrarily
[2024.03.04-17.33.26:518][ 57]LogActor: Warning: SnakeElementBP_C /Game/UEDPIE_0_Main.Main:PersistentLevel.SnakeElementBP_C_3 has natively added scene component(s), but none of them were set as the actor's RootComponent - picking one arbitrarily
[2024.03.04-17.33.26:518][ 57]PIE: Play in editor start time for /Game/UEDPIE_0_Main 0,664
[2024.03.04-17.33.26:519][ 57]LogBlueprintUserMessages: Late PlayInEditor Detection: Level '/Game/Main.Main:PersistentLevel' has LevelScriptBlueprint '/Game/Main.Main:PersistentLevel.Main' with GeneratedClass '/Game/Main.Main_C' with ClassGeneratedBy '/Game/Main.Main:PersistentLevel.Main'
[2024.03.04-17.33.31:464][648]LogBlueprintUserMessages: Early EndPlayMap Detection: Level '/Game/Main.Main:PersistentLevel' has LevelScriptBlueprint '/Game/Main.Main:PersistentLevel.Main' with GeneratedClass '/Game/Main.Main_C' with ClassGeneratedBy '/Game/Main.Main:PersistentLevel.Main'
[2024.03.04-17.33.31:465][648]LogSlate: Updating window title bar state: overlay mode, drag disabled, window buttons hidden, title bar hidden
[2024.03.04-17.33.31:497][648]LogPlayLevel: Display: Shutting down PIE online subsystems
[2024.03.04-17.33.31:497][648]LogBlueprintUserMessages: Late EndPlayMap Detection: Level '/Game/Main.Main:PersistentLevel' has LevelScriptBlueprint '/Game/Main.Main:PersistentLevel.Main' with GeneratedClass '/Game/Main.Main_C' with ClassGeneratedBy '/Game/Main.Main:PersistentLevel.Main'
[2024.03.04-17.33.31:531][648]LogSlate: Updating window title bar state: overlay mode, drag disabled, window buttons hidden, title bar hidden
[2024.03.04-17.33.31:535][648]LogUObjectHash: Compacting FUObjectHashTables data took   1.71ms
[2024.03.04-17.33.31:570][652]LogPlayLevel: Display: Destroying online subsystem :Context_7
[2024.03.04-17.34.18:805][346]LogBlueprintActionDatabase: Requesting refresh due to module change: ExternalImagePicker (loaded)
[2024.03.04-17.34.19:748][346]LogSlate: Only BGRA pngs, bmps or icos are supported in by External Image Picker
[2024.03.04-17.34.41:446][699]LogWindowsTextInputMethodSystem: Display: IME system now deactivated.
[2024.03.04-17.34.41:447][699]LogWindowsTextInputMethodSystem: Display: IME system now deactivated.
[2024.03.04-17.36.27:625][837]LogWindowsTextInputMethodSystem: Display: IME system now deactivated.
[2024.03.04-17.36.27:625][837]LogWindowsTextInputMethodSystem: Display: IME system now deactivated.
[2024.03.04-17.36.33:645][506]LogWindowsTextInputMethodSystem: Display: IME system now deactivated.
[2024.03.04-17.36.33:646][506]LogWindowsTextInputMethodSystem: Display: IME system now deactivated.
[2024.03.04-17.37.58:277][ 18]LogWindowsTextInputMethodSystem: Display: IME system now deactivated.
[2024.03.04-17.37.58:277][ 18]LogWindowsTextInputMethodSystem: Display: IME system now deactivated.
[2024.03.04-17.38.29:775][110]LogWindowsTextInputMethodSystem: Display: IME system now deactivated.
[2024.03.04-17.38.29:775][110]LogWindowsTextInputMethodSystem: Display: IME system now deactivated.
[2024.03.04-17.39.19:185][532]LogWindowsTextInputMethodSystem: Display: IME system now deactivated.
[2024.03.04-17.39.19:185][532]LogWindowsTextInputMethodSystem: Display: IME system now deactivated.
