Log file open, 03/04/24 21:01:41
LogWindows: Failed to load 'aqProf.dll' (GetLastError=126)
LogWindows: File 'aqProf.dll' does not exist
LogWindows: Failed to load 'VtuneApi.dll' (GetLastError=126)
LogWindows: File 'VtuneApi.dll' does not exist
LogWindows: Failed to load 'VtuneApi32e.dll' (GetLastError=126)
LogWindows: File 'VtuneApi32e.dll' does not exist
LogConsoleResponse: Display: Failed to find resolution value strings in scalability ini. Falling back to default.
LogInit: Display: Running engine for game: Snake
LogPakFile: Registered encryption key '00000000000000000000000000000000': 0 pak files mounted, 0 remain pending
LogPlatformFile: Not using cached read wrapper
LogTaskGraph: Started task graph with 5 named threads and 20 total threads with 3 sets of task threads.
LogStats: Stats thread started at 0.417681
LogD3D11RHI: Loaded GFSDK_Aftermath_Lib.x64.dll
LogICUInternationalization: ICU TimeZone Detection - Raw Offset: +3:00, Platform Override: ''
LogPluginManager: Mounting plugin Paper2D
LogPluginManager: Mounting plugin AISupport
LogPluginManager: Mounting plugin LightPropagationVolume
LogPluginManager: Mounting plugin ActorLayerUtilities
LogPluginManager: Mounting plugin AnimationSharing
LogPluginManager: Mounting plugin CLionSourceCodeAccess
LogPluginManager: Mounting plugin CodeLiteSourceCodeAccess
LogPluginManager: Mounting plugin GitSourceControl
LogPluginManager: Mounting plugin KDevelopSourceCodeAccess
LogPluginManager: Mounting plugin NullSourceCodeAccess
LogPluginManager: Mounting plugin PerforceSourceControl
LogPluginManager: Mounting plugin SubversionSourceControl
LogPluginManager: Mounting plugin UObjectPlugin
LogPluginManager: Mounting plugin VisualStudioCodeSourceCodeAccess
LogPluginManager: Mounting plugin VisualStudioSourceCodeAccess
LogPluginManager: Mounting plugin XCodeSourceCodeAccess
LogPluginManager: Mounting plugin AssetManagerEditor
LogPluginManager: Mounting plugin CryptoKeys
LogPluginManager: Mounting plugin DataValidation
LogPluginManager: Mounting plugin FacialAnimation
LogPluginManager: Mounting plugin GameplayTagsEditor
LogPluginManager: Mounting plugin MacGraphicsSwitching
LogPluginManager: Mounting plugin MaterialAnalyzer
LogPluginManager: Mounting plugin MobileLauncherProfileWizard
LogPluginManager: Mounting plugin PluginBrowser
LogPluginManager: Mounting plugin SpeedTreeImporter
LogPluginManager: Mounting plugin DatasmithContent
LogPluginManager: Mounting plugin VariantManagerContent
LogPluginManager: Mounting plugin AlembicImporter
LogPluginManager: Mounting plugin AppleImageUtils
LogPluginManager: Mounting plugin AppleVision
LogPluginManager: Mounting plugin BackChannel
LogPluginManager: Mounting plugin CharacterAI
LogPluginManager: Mounting plugin GeometryCache
LogPluginManager: Mounting plugin HTML5Networking
LogPluginManager: Mounting plugin ProxyLODPlugin
LogPluginManager: Mounting plugin SkeletalReduction
LogPluginManager: Mounting plugin MagicLeap
LogPluginManager: Mounting plugin MagicLeapMedia
LogPluginManager: Mounting plugin AndroidMedia
LogPluginManager: Mounting plugin AvfMedia
LogPluginManager: Mounting plugin ImgMedia
LogPluginManager: Mounting plugin LinearTimecode
LogPluginManager: Mounting plugin MediaCompositing
LogPluginManager: Mounting plugin MediaPlayerEditor
LogPluginManager: Mounting plugin WebMMedia
LogPluginManager: Mounting plugin WmfMedia
LogPluginManager: Mounting plugin TcpMessaging
LogPluginManager: Mounting plugin UdpMessaging
LogPluginManager: Mounting plugin ActorSequence
LogPluginManager: Mounting plugin LevelSequenceEditor
LogPluginManager: Mounting plugin MatineeToLevelSequence
LogPluginManager: Mounting plugin NetcodeUnitTest
LogPluginManager: Mounting plugin NUTUnrealEngine4
LogPluginManager: Mounting plugin OnlineSubsystemGooglePlay
LogPluginManager: Mounting plugin OnlineSubsystemIOS
LogPluginManager: Mounting plugin OnlineSubsystem
LogPluginManager: Mounting plugin OnlineSubsystemNull
LogPluginManager: Mounting plugin OnlineSubsystemUtils
LogPluginManager: Mounting plugin LauncherChunkInstaller
LogPluginManager: Mounting plugin AndroidDeviceProfileSelector
LogPluginManager: Mounting plugin AndroidMoviePlayer
LogPluginManager: Mounting plugin AndroidPermission
LogPluginManager: Mounting plugin AppleMoviePlayer
LogPluginManager: Mounting plugin ArchVisCharacter
LogPluginManager: Mounting plugin AudioCapture
LogPluginManager: Mounting plugin CableComponent
LogPluginManager: Mounting plugin CustomMeshComponent
LogPluginManager: Mounting plugin EditableMesh
LogPluginManager: Mounting plugin ExampleDeviceProfileSelector
LogPluginManager: Mounting plugin Firebase
LogPluginManager: Mounting plugin GoogleCloudMessaging
LogPluginManager: Mounting plugin IOSDeviceProfileSelector
LogPluginManager: Mounting plugin LinuxDeviceProfileSelector
LogPluginManager: Mounting plugin LocationServicesBPLibrary
LogPluginManager: Mounting plugin MobilePatchingUtils
LogPluginManager: Mounting plugin OculusVR
LogPluginManager: Mounting plugin PhysXVehicles
LogPluginManager: Mounting plugin ProceduralMeshComponent
LogPluginManager: Mounting plugin RuntimePhysXCooking
LogPluginManager: Mounting plugin SignificanceManager
LogPluginManager: Mounting plugin SteamVR
LogPluginManager: Mounting plugin WebMMoviePlayer
LogPluginManager: Mounting plugin WindowsMoviePlayer
LogInit: Using libcurl 7.55.1-DEV
LogInit:  - built for x86_64-pc-win32
LogInit:  - supports SSL with OpenSSL/1.1.1
LogInit:  - supports HTTP deflate (compression) using libz 1.2.8
LogInit:  - other features:
LogInit:      CURL_VERSION_SSL
LogInit:      CURL_VERSION_LIBZ
LogInit:      CURL_VERSION_IPV6
LogInit:      CURL_VERSION_ASYNCHDNS
LogInit:      CURL_VERSION_LARGEFILE
LogInit:      CURL_VERSION_IDN
LogInit:  CurlRequestOptions (configurable via config and command line):
LogInit:  - bVerifyPeer = true  - Libcurl will verify peer certificate
LogInit:  - bUseHttpProxy = false  - Libcurl will NOT use HTTP proxy
LogInit:  - bDontReuseConnections = false  - Libcurl will reuse connections
LogInit:  - MaxHostConnections = 16  - Libcurl will limit the number of connections to a host
LogInit:  - LocalHostAddr = Default
LogInit:  - BufferSize = 65536
LogInit: WinSock: version 1.1 (2.2), MaxSocks=32767, MaxUdp=65467
LogInit: Build: ++UE4+Release-4.22-CL-7053642
LogInit: Engine Version: 4.22.3-7053642+++UE4+Release-4.22
LogInit: Compatible Engine Version: 4.22.0-5660361+++UE4+Release-4.22
LogInit: Net CL: 5660361
LogInit: OS: Windows 10 (Release 2009) (), CPU: Intel(R) Core(TM) i5-9400F CPU @ 2.90GHz, GPU: NVIDIA GeForce GTX 1650
LogInit: Compiled (64-bit): Jun 18 2019 03:09:11
LogInit: Compiled with Visual C++: 19.16.27025.01
LogInit: Build Configuration: Development
LogInit: Branch Name: ++UE4+Release-4.22
LogInit: Command Line:  -skipcompile
LogInit: Base Directory: C:/Program Files/Epic Games/UE_4.22/Engine/Binaries/Win64/
LogInit: Installed Engine Build: 1
LogDevObjectVersion: Number of dev versions registered: 23
LogDevObjectVersion:   Dev-Blueprints (B0D832E4-1F89-4F0D-ACCF-7EB736FD4AA2): 10
LogDevObjectVersion:   Dev-Build (E1C64328-A22C-4D53-A36C-8E866417BD8C): 0
LogDevObjectVersion:   Dev-Core (375EC13C-06E4-48FB-B500-84F0262A717E): 3
LogDevObjectVersion:   Dev-Editor (E4B068ED-F494-42E9-A231-DA0B2E46BB41): 30
LogDevObjectVersion:   Dev-Framework (CFFC743F-43B0-4480-9391-14DF171D2073): 35
LogDevObjectVersion:   Dev-Mobile (B02B49B5-BB20-44E9-A304-32B752E40360): 2
LogDevObjectVersion:   Dev-Networking (A4E4105C-59A1-49B5-A7C5-40C4547EDFEE): 0
LogDevObjectVersion:   Dev-Online (39C831C9-5AE6-47DC-9A44-9C173E1C8E7C): 0
LogDevObjectVersion:   Dev-Physics (78F01B33-EBEA-4F98-B9B4-84EACCB95AA2): 0
LogDevObjectVersion:   Dev-Platform (6631380F-2D4D-43E0-8009-CF276956A95A): 0
LogDevObjectVersion:   Dev-Rendering (12F88B9F-8875-4AFC-A67C-D90C383ABD29): 28
LogDevObjectVersion:   Dev-Sequencer (7B5AE74C-D270-4C10-A958-57980B212A5A): 11
LogDevObjectVersion:   Dev-VR (D7296918-1DD6-4BDD-9DE2-64A83CC13884): 2
LogDevObjectVersion:   Dev-LoadTimes (C2A15278-BFE7-4AFE-6C17-90FF531DF755): 1
LogDevObjectVersion:   Private-Geometry (6EACA3D4-40EC-4CC1-B786-8BED09428FC5): 3
LogDevObjectVersion:   Dev-AnimPhys (29E575DD-E0A3-4627-9D10-D276232CDCEA): 17
LogDevObjectVersion:   Dev-Anim (AF43A65D-7FD3-4947-9873-3E8ED9C1BB05): 2
LogDevObjectVersion:   Dev-ReflectionCapture (6B266CEC-1EC7-4B8F-A30B-E4D90942FC07): 1
LogDevObjectVersion:   Dev-Automation (0DF73D61-A23F-47EA-B727-89E90C41499A): 1
LogDevObjectVersion:   FortniteMain (601D1886-AC64-4F84-AA16-D3DE0DEAC7D6): 25
LogDevObjectVersion:   Dev-Enterprise (9DFFBCD6-494F-0158-E221-12823C92A888): 6
LogDevObjectVersion:   Dev-Niagara (F2AED0AC-9AFE-416F-8664-AA7FFA26D6FC): 1
LogDevObjectVersion:   Dev-Destruction (174F1F0B-B4C6-45A5-B13F-2EE8D0FB917D): 2
LogInit: Presizing for max 16777216 objects, including 0 objects not considered by GC, pre-allocating 0 bytes for permanent pool.
LogInit: Object subsystem initialized
LogConfig: Setting CVar [[con.DebugEarlyDefault:1]]
LogConfig: Setting CVar [[r.setres:1280x720]]
[2024.03.04-18.01.42:303][  0]LogConfig: Setting CVar [[r.VSync:0]]
[2024.03.04-18.01.42:304][  0]LogConfig: Setting CVar [[r.RHICmdBypass:0]]
[2024.03.04-18.01.42:304][  0]LogConfig: Applying CVar settings from Section [/Script/Engine.RendererSettings] File [D:/Home Work/UE_Home_Work/Module20/Snake/Saved/Config/Windows/Engine.ini]
[2024.03.04-18.01.42:304][  0]LogConfig: Setting CVar [[r.GPUCrashDebugging:0]]
[2024.03.04-18.01.42:305][  0]LogConfig: Setting CVar [[r.DefaultFeature.AutoExposure.ExtendDefaultLuminanceRange:1]]
[2024.03.04-18.01.42:305][  0]LogConfig: Applying CVar settings from Section [/Script/Engine.RendererOverrideSettings] File [D:/Home Work/UE_Home_Work/Module20/Snake/Saved/Config/Windows/Engine.ini]
[2024.03.04-18.01.42:305][  0]LogConfig: Applying CVar settings from Section [/Script/Engine.StreamingSettings] File [D:/Home Work/UE_Home_Work/Module20/Snake/Saved/Config/Windows/Engine.ini]
[2024.03.04-18.01.42:306][  0]LogConfig: Setting CVar [[s.MinBulkDataSizeForAsyncLoading:131072]]
[2024.03.04-18.01.42:306][  0]LogConfig: Setting CVar [[s.AsyncLoadingThreadEnabled:0]]
[2024.03.04-18.01.42:306][  0]LogConfig: Setting CVar [[s.EventDrivenLoaderEnabled:1]]
[2024.03.04-18.01.42:306][  0]LogConfig: Setting CVar [[s.WarnIfTimeLimitExceeded:0]]
[2024.03.04-18.01.42:307][  0]LogConfig: Setting CVar [[s.TimeLimitExceededMultiplier:1.5]]
[2024.03.04-18.01.42:307][  0]LogConfig: Setting CVar [[s.TimeLimitExceededMinTime:0.005]]
[2024.03.04-18.01.42:307][  0]LogConfig: Setting CVar [[s.UseBackgroundLevelStreaming:1]]
[2024.03.04-18.01.42:307][  0]LogConfig: Setting CVar [[s.PriorityAsyncLoadingExtraTime:15.0]]
[2024.03.04-18.01.42:308][  0]LogConfig: Setting CVar [[s.LevelStreamingActorsUpdateTimeLimit:5.0]]
[2024.03.04-18.01.42:308][  0]LogConfig: Setting CVar [[s.PriorityLevelStreamingActorsUpdateExtraTime:5.0]]
[2024.03.04-18.01.42:308][  0]LogConfig: Setting CVar [[s.LevelStreamingComponentsRegistrationGranularity:10]]
[2024.03.04-18.01.42:308][  0]LogConfig: Setting CVar [[s.UnregisterComponentsTimeLimit:1.0]]
[2024.03.04-18.01.42:308][  0]LogConfig: Setting CVar [[s.LevelStreamingComponentsUnregistrationGranularity:5]]
[2024.03.04-18.01.42:308][  0]LogConfig: Applying CVar settings from Section [/Script/Engine.GarbageCollectionSettings] File [D:/Home Work/UE_Home_Work/Module20/Snake/Saved/Config/Windows/Engine.ini]
[2024.03.04-18.01.42:309][  0]LogConfig: Setting CVar [[gc.MaxObjectsNotConsideredByGC:1]]
[2024.03.04-18.01.42:309][  0]LogConfig: Setting CVar [[gc.SizeOfPermanentObjectPool:0]]
[2024.03.04-18.01.42:309][  0]LogConfig: Setting CVar [[gc.FlushStreamingOnGC:0]]
[2024.03.04-18.01.42:309][  0]LogConfig: Setting CVar [[gc.NumRetriesBeforeForcingGC:10]]
[2024.03.04-18.01.42:309][  0]LogConfig: Setting CVar [[gc.AllowParallelGC:1]]
[2024.03.04-18.01.42:309][  0]LogConfig: Setting CVar [[gc.TimeBetweenPurgingPendingKillObjects:61.1]]
[2024.03.04-18.01.42:309][  0]LogConfig: Setting CVar [[gc.MaxObjectsInEditor:16777216]]
[2024.03.04-18.01.42:309][  0]LogConfig: Setting CVar [[gc.IncrementalBeginDestroyEnabled:1]]
[2024.03.04-18.01.42:309][  0]LogConfig: Setting CVar [[gc.CreateGCClusters:1]]
[2024.03.04-18.01.42:309][  0]LogConfig: Setting CVar [[gc.MinGCClusterSize:5]]
[2024.03.04-18.01.42:309][  0]LogConfig: Setting CVar [[gc.ActorClusteringEnabled:0]]
[2024.03.04-18.01.42:309][  0]LogConfig: Setting CVar [[gc.BlueprintClusteringEnabled:0]]
[2024.03.04-18.01.42:309][  0]LogConfig: Setting CVar [[gc.UseDisregardForGCOnDedicatedServers:0]]
[2024.03.04-18.01.42:309][  0]LogConfig: Applying CVar settings from Section [/Script/Engine.NetworkSettings] File [D:/Home Work/UE_Home_Work/Module20/Snake/Saved/Config/Windows/Engine.ini]
[2024.03.04-18.01.42:309][  0]LogConfig: Applying CVar settings from Section [/Script/UnrealEd.CookerSettings] File [D:/Home Work/UE_Home_Work/Module20/Snake/Saved/Config/Windows/Engine.ini]
[2024.03.04-18.01.42:319][  0]LogConfig: Applying CVar settings from Section [ViewDistanceQuality@3] File [D:/Home Work/UE_Home_Work/Module20/Snake/Saved/Config/Windows/Scalability.ini]
[2024.03.04-18.01.42:319][  0]LogConfig: Setting CVar [[r.SkeletalMeshLODBias:0]]
[2024.03.04-18.01.42:319][  0]LogConfig: Setting CVar [[r.ViewDistanceScale:1.0]]
[2024.03.04-18.01.42:319][  0]LogConfig: Applying CVar settings from Section [AntiAliasingQuality@3] File [D:/Home Work/UE_Home_Work/Module20/Snake/Saved/Config/Windows/Scalability.ini]
[2024.03.04-18.01.42:319][  0]LogConfig: Setting CVar [[r.PostProcessAAQuality:4]]
[2024.03.04-18.01.42:319][  0]LogConfig: Applying CVar settings from Section [ShadowQuality@3] File [D:/Home Work/UE_Home_Work/Module20/Snake/Saved/Config/Windows/Scalability.ini]
[2024.03.04-18.01.42:319][  0]LogConfig: Setting CVar [[r.LightFunctionQuality:1]]
[2024.03.04-18.01.42:319][  0]LogConfig: Setting CVar [[r.ShadowQuality:5]]
[2024.03.04-18.01.42:320][  0]LogConfig: Setting CVar [[r.Shadow.CSM.MaxCascades:10]]
[2024.03.04-18.01.42:320][  0]LogConfig: Setting CVar [[r.Shadow.MaxResolution:2048]]
[2024.03.04-18.01.42:320][  0]LogConfig: Setting CVar [[r.Shadow.MaxCSMResolution:2048]]
[2024.03.04-18.01.42:320][  0]LogConfig: Setting CVar [[r.Shadow.RadiusThreshold:0.01]]
[2024.03.04-18.01.42:320][  0]LogConfig: Setting CVar [[r.Shadow.DistanceScale:1.0]]
[2024.03.04-18.01.42:320][  0]LogConfig: Setting CVar [[r.Shadow.CSM.TransitionScale:1.0]]
[2024.03.04-18.01.42:320][  0]LogConfig: Setting CVar [[r.Shadow.PreShadowResolutionFactor:1.0]]
[2024.03.04-18.01.42:320][  0]LogConfig: Setting CVar [[r.DistanceFieldShadowing:1]]
[2024.03.04-18.01.42:320][  0]LogConfig: Setting CVar [[r.DistanceFieldAO:1]]
[2024.03.04-18.01.42:320][  0]LogConfig: Setting CVar [[r.AOQuality:2]]
[2024.03.04-18.01.42:320][  0]LogConfig: Setting CVar [[r.VolumetricFog:1]]
[2024.03.04-18.01.42:320][  0]LogConfig: Setting CVar [[r.VolumetricFog.GridPixelSize:8]]
[2024.03.04-18.01.42:321][  0]LogConfig: Setting CVar [[r.VolumetricFog.GridSizeZ:128]]
[2024.03.04-18.01.42:321][  0]LogConfig: Setting CVar [[r.VolumetricFog.HistoryMissSupersampleCount:4]]
[2024.03.04-18.01.42:321][  0]LogConfig: Setting CVar [[r.LightMaxDrawDistanceScale:1]]
[2024.03.04-18.01.42:321][  0]LogConfig: Setting CVar [[r.CapsuleShadows:1]]
[2024.03.04-18.01.42:321][  0]LogConfig: Applying CVar settings from Section [PostProcessQuality@3] File [D:/Home Work/UE_Home_Work/Module20/Snake/Saved/Config/Windows/Scalability.ini]
[2024.03.04-18.01.42:321][  0]LogConfig: Setting CVar [[r.MotionBlurQuality:4]]
[2024.03.04-18.01.42:321][  0]LogConfig: Setting CVar [[r.AmbientOcclusionMipLevelFactor:0.4]]
[2024.03.04-18.01.42:321][  0]LogConfig: Setting CVar [[r.AmbientOcclusionMaxQuality:100]]
[2024.03.04-18.01.42:321][  0]LogConfig: Setting CVar [[r.AmbientOcclusionLevels:-1]]
[2024.03.04-18.01.42:321][  0]LogConfig: Setting CVar [[r.AmbientOcclusionRadiusScale:1.0]]
[2024.03.04-18.01.42:321][  0]LogConfig: Setting CVar [[r.DepthOfFieldQuality:2]]
[2024.03.04-18.01.42:321][  0]LogConfig: Setting CVar [[r.RenderTargetPoolMin:400]]
[2024.03.04-18.01.42:321][  0]LogConfig: Setting CVar [[r.LensFlareQuality:2]]
[2024.03.04-18.01.42:321][  0]LogConfig: Setting CVar [[r.SceneColorFringeQuality:1]]
[2024.03.04-18.01.42:321][  0]LogConfig: Setting CVar [[r.EyeAdaptationQuality:2]]
[2024.03.04-18.01.42:322][  0]LogConfig: Setting CVar [[r.BloomQuality:5]]
[2024.03.04-18.01.42:322][  0]LogConfig: Setting CVar [[r.FastBlurThreshold:100]]
[2024.03.04-18.01.42:322][  0]LogConfig: Setting CVar [[r.Upscale.Quality:3]]
[2024.03.04-18.01.42:322][  0]LogConfig: Setting CVar [[r.Tonemapper.GrainQuantization:1]]
[2024.03.04-18.01.42:322][  0]LogConfig: Setting CVar [[r.LightShaftQuality:1]]
[2024.03.04-18.01.42:322][  0]LogConfig: Setting CVar [[r.Filter.SizeScale:1]]
[2024.03.04-18.01.42:322][  0]LogConfig: Setting CVar [[r.Tonemapper.Quality:5]]
[2024.03.04-18.01.42:322][  0]LogConfig: Setting CVar [[r.DOF.Gather.AccumulatorQuality:1        ; higher gathering accumulator quality]]
[2024.03.04-18.01.42:322][  0]LogConfig: Setting CVar [[r.DOF.Gather.PostfilterMethod:1          ; Median3x3 postfilering method]]
[2024.03.04-18.01.42:322][  0]LogConfig: Setting CVar [[r.DOF.Gather.EnableBokehSettings:0       ; no bokeh simulation when gathering]]
[2024.03.04-18.01.42:322][  0]LogConfig: Setting CVar [[r.DOF.Gather.RingCount:4                 ; medium number of samples when gathering]]
[2024.03.04-18.01.42:323][  0]LogConfig: Setting CVar [[r.DOF.Scatter.ForegroundCompositing:1    ; additive foreground scattering]]
[2024.03.04-18.01.42:323][  0]LogConfig: Setting CVar [[r.DOF.Scatter.BackgroundCompositing:2    ; additive background scattering]]
[2024.03.04-18.01.42:323][  0]LogConfig: Setting CVar [[r.DOF.Scatter.EnableBokehSettings:1      ; bokeh simulation when scattering]]
[2024.03.04-18.01.42:323][  0]LogConfig: Setting CVar [[r.DOF.Scatter.MaxSpriteRatio:0.1         ; only a maximum of 10% of scattered bokeh]]
[2024.03.04-18.01.42:323][  0]LogConfig: Setting CVar [[r.DOF.Recombine.Quality:1                ; cheap slight out of focus]]
[2024.03.04-18.01.42:323][  0]LogConfig: Setting CVar [[r.DOF.Recombine.EnableBokehSettings:0    ; no bokeh simulation on slight out of focus]]
[2024.03.04-18.01.42:323][  0]LogConfig: Setting CVar [[r.DOF.TemporalAAQuality:1                ; more stable temporal accumulation]]
[2024.03.04-18.01.42:323][  0]LogConfig: Setting CVar [[r.DOF.Kernel.MaxForegroundRadius:0.025]]
[2024.03.04-18.01.42:323][  0]LogConfig: Setting CVar [[r.DOF.Kernel.MaxBackgroundRadius:0.025]]
[2024.03.04-18.01.42:323][  0]LogConfig: Applying CVar settings from Section [TextureQuality@3] File [D:/Home Work/UE_Home_Work/Module20/Snake/Saved/Config/Windows/Scalability.ini]
[2024.03.04-18.01.42:323][  0]LogConfig: Setting CVar [[r.Streaming.MipBias:0]]
[2024.03.04-18.01.42:323][  0]LogConfig: Setting CVar [[r.Streaming.AmortizeCPUToGPUCopy:0]]
[2024.03.04-18.01.42:323][  0]LogConfig: Setting CVar [[r.Streaming.MaxNumTexturesToStreamPerFrame:0]]
[2024.03.04-18.01.42:323][  0]LogConfig: Setting CVar [[r.Streaming.Boost:1]]
[2024.03.04-18.01.42:323][  0]LogConfig: Setting CVar [[r.MaxAnisotropy:8]]
[2024.03.04-18.01.42:323][  0]LogConfig: Setting CVar [[r.Streaming.LimitPoolSizeToVRAM:0]]
[2024.03.04-18.01.42:323][  0]LogConfig: Setting CVar [[r.Streaming.PoolSize:1000]]
[2024.03.04-18.01.42:323][  0]LogConfig: Setting CVar [[r.Streaming.MaxEffectiveScreenSize:0]]
[2024.03.04-18.01.42:324][  0]LogConfig: Applying CVar settings from Section [EffectsQuality@3] File [D:/Home Work/UE_Home_Work/Module20/Snake/Saved/Config/Windows/Scalability.ini]
[2024.03.04-18.01.42:324][  0]LogConfig: Setting CVar [[r.TranslucencyLightingVolumeDim:64]]
[2024.03.04-18.01.42:324][  0]LogConfig: Setting CVar [[r.RefractionQuality:2]]
[2024.03.04-18.01.42:324][  0]LogConfig: Setting CVar [[r.SSR.Quality:3]]
[2024.03.04-18.01.42:324][  0]LogConfig: Setting CVar [[r.SceneColorFormat:4]]
[2024.03.04-18.01.42:324][  0]LogConfig: Setting CVar [[r.DetailMode:2]]
[2024.03.04-18.01.42:324][  0]LogConfig: Setting CVar [[r.TranslucencyVolumeBlur:1]]
[2024.03.04-18.01.42:324][  0]LogConfig: Setting CVar [[r.MaterialQualityLevel:1 ; High quality]]
[2024.03.04-18.01.42:324][  0]LogConfig: Setting CVar [[r.SSS.Scale:1]]
[2024.03.04-18.01.42:324][  0]LogConfig: Setting CVar [[r.SSS.SampleSet:2]]
[2024.03.04-18.01.42:324][  0]LogConfig: Setting CVar [[r.SSS.Quality:1]]
[2024.03.04-18.01.42:324][  0]LogConfig: Setting CVar [[r.SSS.HalfRes:1]]
[2024.03.04-18.01.42:324][  0]LogConfig: Setting CVar [[r.EmitterSpawnRateScale:1.0]]
[2024.03.04-18.01.42:324][  0]LogConfig: Setting CVar [[r.ParticleLightQuality:2]]
[2024.03.04-18.01.42:324][  0]LogConfig: Applying CVar settings from Section [FoliageQuality@3] File [D:/Home Work/UE_Home_Work/Module20/Snake/Saved/Config/Windows/Scalability.ini]
[2024.03.04-18.01.42:324][  0]LogConfig: Setting CVar [[foliage.DensityScale:1.0]]
[2024.03.04-18.01.42:324][  0]LogConfig: Setting CVar [[grass.DensityScale:1.0]]
[2024.03.04-18.01.42:324][  0]LogInit: Selected Device Profile: [Windows]
[2024.03.04-18.01.42:324][  0]LogInit: Applying CVar settings loaded from the selected device profile: [Windows]
[2024.03.04-18.01.42:332][  0]LogHAL: Display: Platform has ~ 24 GB [25685372928 / 34359738368 / 24], which maps to Larger [LargestMinGB=32, LargerMinGB=12, DefaultMinGB=8, SmallerMinGB=6, SmallestMinGB=0)
[2024.03.04-18.01.42:332][  0]LogConfig: Setting CVar [[r.Vulkan.UseRealUBs:0		; Required until we fix HLR fall-out]]
[2024.03.04-18.01.42:332][  0]LogInit: Going up to parent DeviceProfile []
[2024.03.04-18.01.42:332][  0]LogConfig: Applying CVar settings from Section [ViewDistanceQuality@3] File [D:/Home Work/UE_Home_Work/Module20/Snake/Saved/Config/Windows/Scalability.ini]
[2024.03.04-18.01.42:332][  0]LogConfig: Setting CVar [[r.SkeletalMeshLODBias:0]]
[2024.03.04-18.01.42:333][  0]LogConfig: Setting CVar [[r.ViewDistanceScale:1.0]]
[2024.03.04-18.01.42:333][  0]LogConfig: Applying CVar settings from Section [AntiAliasingQuality@3] File [D:/Home Work/UE_Home_Work/Module20/Snake/Saved/Config/Windows/Scalability.ini]
[2024.03.04-18.01.42:333][  0]LogConfig: Setting CVar [[r.PostProcessAAQuality:4]]
[2024.03.04-18.01.42:333][  0]LogConfig: Applying CVar settings from Section [ShadowQuality@3] File [D:/Home Work/UE_Home_Work/Module20/Snake/Saved/Config/Windows/Scalability.ini]
[2024.03.04-18.01.42:333][  0]LogConfig: Setting CVar [[r.LightFunctionQuality:1]]
[2024.03.04-18.01.42:333][  0]LogConfig: Setting CVar [[r.ShadowQuality:5]]
[2024.03.04-18.01.42:333][  0]LogConfig: Setting CVar [[r.Shadow.CSM.MaxCascades:10]]
[2024.03.04-18.01.42:333][  0]LogConfig: Setting CVar [[r.Shadow.MaxResolution:2048]]
[2024.03.04-18.01.42:333][  0]LogConfig: Setting CVar [[r.Shadow.MaxCSMResolution:2048]]
[2024.03.04-18.01.42:333][  0]LogConfig: Setting CVar [[r.Shadow.RadiusThreshold:0.01]]
[2024.03.04-18.01.42:334][  0]LogConfig: Setting CVar [[r.Shadow.DistanceScale:1.0]]
[2024.03.04-18.01.42:334][  0]LogConfig: Setting CVar [[r.Shadow.CSM.TransitionScale:1.0]]
[2024.03.04-18.01.42:334][  0]LogConfig: Setting CVar [[r.Shadow.PreShadowResolutionFactor:1.0]]
[2024.03.04-18.01.42:334][  0]LogConfig: Setting CVar [[r.DistanceFieldShadowing:1]]
[2024.03.04-18.01.42:334][  0]LogConfig: Setting CVar [[r.DistanceFieldAO:1]]
[2024.03.04-18.01.42:334][  0]LogConfig: Setting CVar [[r.AOQuality:2]]
[2024.03.04-18.01.42:334][  0]LogConfig: Setting CVar [[r.VolumetricFog:1]]
[2024.03.04-18.01.42:334][  0]LogConfig: Setting CVar [[r.VolumetricFog.GridPixelSize:8]]
[2024.03.04-18.01.42:334][  0]LogConfig: Setting CVar [[r.VolumetricFog.GridSizeZ:128]]
[2024.03.04-18.01.42:334][  0]LogConfig: Setting CVar [[r.VolumetricFog.HistoryMissSupersampleCount:4]]
[2024.03.04-18.01.42:334][  0]LogConfig: Setting CVar [[r.LightMaxDrawDistanceScale:1]]
[2024.03.04-18.01.42:334][  0]LogConfig: Setting CVar [[r.CapsuleShadows:1]]
[2024.03.04-18.01.42:334][  0]LogConfig: Applying CVar settings from Section [PostProcessQuality@3] File [D:/Home Work/UE_Home_Work/Module20/Snake/Saved/Config/Windows/Scalability.ini]
[2024.03.04-18.01.42:334][  0]LogConfig: Setting CVar [[r.MotionBlurQuality:4]]
[2024.03.04-18.01.42:334][  0]LogConfig: Setting CVar [[r.AmbientOcclusionMipLevelFactor:0.4]]
[2024.03.04-18.01.42:335][  0]LogConfig: Setting CVar [[r.AmbientOcclusionMaxQuality:100]]
[2024.03.04-18.01.42:335][  0]LogConfig: Setting CVar [[r.AmbientOcclusionLevels:-1]]
[2024.03.04-18.01.42:335][  0]LogConfig: Setting CVar [[r.AmbientOcclusionRadiusScale:1.0]]
[2024.03.04-18.01.42:335][  0]LogConfig: Setting CVar [[r.DepthOfFieldQuality:2]]
[2024.03.04-18.01.42:335][  0]LogConfig: Setting CVar [[r.RenderTargetPoolMin:400]]
[2024.03.04-18.01.42:335][  0]LogConfig: Setting CVar [[r.LensFlareQuality:2]]
[2024.03.04-18.01.42:335][  0]LogConfig: Setting CVar [[r.SceneColorFringeQuality:1]]
[2024.03.04-18.01.42:335][  0]LogConfig: Setting CVar [[r.EyeAdaptationQuality:2]]
[2024.03.04-18.01.42:335][  0]LogConfig: Setting CVar [[r.BloomQuality:5]]
[2024.03.04-18.01.42:335][  0]LogConfig: Setting CVar [[r.FastBlurThreshold:100]]
[2024.03.04-18.01.42:335][  0]LogConfig: Setting CVar [[r.Upscale.Quality:3]]
[2024.03.04-18.01.42:335][  0]LogConfig: Setting CVar [[r.Tonemapper.GrainQuantization:1]]
[2024.03.04-18.01.42:335][  0]LogConfig: Setting CVar [[r.LightShaftQuality:1]]
[2024.03.04-18.01.42:336][  0]LogConfig: Setting CVar [[r.Filter.SizeScale:1]]
[2024.03.04-18.01.42:336][  0]LogConfig: Setting CVar [[r.Tonemapper.Quality:5]]
[2024.03.04-18.01.42:336][  0]LogConfig: Setting CVar [[r.DOF.Gather.AccumulatorQuality:1        ; higher gathering accumulator quality]]
[2024.03.04-18.01.42:336][  0]LogConfig: Setting CVar [[r.DOF.Gather.PostfilterMethod:1          ; Median3x3 postfilering method]]
[2024.03.04-18.01.42:336][  0]LogConfig: Setting CVar [[r.DOF.Gather.EnableBokehSettings:0       ; no bokeh simulation when gathering]]
[2024.03.04-18.01.42:336][  0]LogConfig: Setting CVar [[r.DOF.Gather.RingCount:4                 ; medium number of samples when gathering]]
[2024.03.04-18.01.42:336][  0]LogConfig: Setting CVar [[r.DOF.Scatter.ForegroundCompositing:1    ; additive foreground scattering]]
[2024.03.04-18.01.42:336][  0]LogConfig: Setting CVar [[r.DOF.Scatter.BackgroundCompositing:2    ; additive background scattering]]
[2024.03.04-18.01.42:336][  0]LogConfig: Setting CVar [[r.DOF.Scatter.EnableBokehSettings:1      ; bokeh simulation when scattering]]
[2024.03.04-18.01.42:336][  0]LogConfig: Setting CVar [[r.DOF.Scatter.MaxSpriteRatio:0.1         ; only a maximum of 10% of scattered bokeh]]
[2024.03.04-18.01.42:336][  0]LogConfig: Setting CVar [[r.DOF.Recombine.Quality:1                ; cheap slight out of focus]]
[2024.03.04-18.01.42:336][  0]LogConfig: Setting CVar [[r.DOF.Recombine.EnableBokehSettings:0    ; no bokeh simulation on slight out of focus]]
[2024.03.04-18.01.42:336][  0]LogConfig: Setting CVar [[r.DOF.TemporalAAQuality:1                ; more stable temporal accumulation]]
[2024.03.04-18.01.42:336][  0]LogConfig: Setting CVar [[r.DOF.Kernel.MaxForegroundRadius:0.025]]
[2024.03.04-18.01.42:336][  0]LogConfig: Setting CVar [[r.DOF.Kernel.MaxBackgroundRadius:0.025]]
[2024.03.04-18.01.42:336][  0]LogConfig: Applying CVar settings from Section [TextureQuality@3] File [D:/Home Work/UE_Home_Work/Module20/Snake/Saved/Config/Windows/Scalability.ini]
[2024.03.04-18.01.42:336][  0]LogConfig: Setting CVar [[r.Streaming.MipBias:0]]
[2024.03.04-18.01.42:336][  0]LogConfig: Setting CVar [[r.Streaming.AmortizeCPUToGPUCopy:0]]
[2024.03.04-18.01.42:337][  0]LogConfig: Setting CVar [[r.Streaming.MaxNumTexturesToStreamPerFrame:0]]
[2024.03.04-18.01.42:337][  0]LogConfig: Setting CVar [[r.Streaming.Boost:1]]
[2024.03.04-18.01.42:337][  0]LogConfig: Setting CVar [[r.MaxAnisotropy:8]]
[2024.03.04-18.01.42:337][  0]LogConfig: Setting CVar [[r.Streaming.LimitPoolSizeToVRAM:0]]
[2024.03.04-18.01.42:337][  0]LogConfig: Setting CVar [[r.Streaming.PoolSize:1000]]
[2024.03.04-18.01.42:337][  0]LogConfig: Setting CVar [[r.Streaming.MaxEffectiveScreenSize:0]]
[2024.03.04-18.01.42:337][  0]LogConfig: Applying CVar settings from Section [EffectsQuality@3] File [D:/Home Work/UE_Home_Work/Module20/Snake/Saved/Config/Windows/Scalability.ini]
[2024.03.04-18.01.42:337][  0]LogConfig: Setting CVar [[r.TranslucencyLightingVolumeDim:64]]
[2024.03.04-18.01.42:337][  0]LogConfig: Setting CVar [[r.RefractionQuality:2]]
[2024.03.04-18.01.42:337][  0]LogConfig: Setting CVar [[r.SSR.Quality:3]]
[2024.03.04-18.01.42:337][  0]LogConfig: Setting CVar [[r.SceneColorFormat:4]]
[2024.03.04-18.01.42:337][  0]LogConfig: Setting CVar [[r.DetailMode:2]]
[2024.03.04-18.01.42:337][  0]LogConfig: Setting CVar [[r.TranslucencyVolumeBlur:1]]
[2024.03.04-18.01.42:337][  0]LogConfig: Setting CVar [[r.MaterialQualityLevel:1 ; High quality]]
[2024.03.04-18.01.42:337][  0]LogConfig: Setting CVar [[r.SSS.Scale:1]]
[2024.03.04-18.01.42:337][  0]LogConfig: Setting CVar [[r.SSS.SampleSet:2]]
[2024.03.04-18.01.42:337][  0]LogConfig: Setting CVar [[r.SSS.Quality:1]]
[2024.03.04-18.01.42:338][  0]LogConfig: Setting CVar [[r.SSS.HalfRes:1]]
[2024.03.04-18.01.42:338][  0]LogConfig: Setting CVar [[r.EmitterSpawnRateScale:1.0]]
[2024.03.04-18.01.42:338][  0]LogConfig: Setting CVar [[r.ParticleLightQuality:2]]
[2024.03.04-18.01.42:338][  0]LogConfig: Applying CVar settings from Section [FoliageQuality@3] File [D:/Home Work/UE_Home_Work/Module20/Snake/Saved/Config/Windows/Scalability.ini]
[2024.03.04-18.01.42:338][  0]LogConfig: Setting CVar [[foliage.DensityScale:1.0]]
[2024.03.04-18.01.42:338][  0]LogConfig: Setting CVar [[grass.DensityScale:1.0]]
[2024.03.04-18.01.42:338][  0]LogConfig: Applying CVar settings from Section [Startup] File [../../../Engine/Config/ConsoleVariables.ini]
[2024.03.04-18.01.42:338][  0]LogConfig: Setting CVar [[net.UseAdaptiveNetUpdateFrequency:0]]
[2024.03.04-18.01.42:338][  0]LogConfig: Setting CVar [[p.chaos.AllowCreatePhysxBodies:1]]
[2024.03.04-18.01.42:338][  0]LogConfig: Applying CVar settings from Section [ConsoleVariables] File [D:/Home Work/UE_Home_Work/Module20/Snake/Saved/Config/Windows/Engine.ini]
[2024.03.04-18.01.42:338][  0]LogInit: Computer: DEMON-PC
[2024.03.04-18.01.42:338][  0]LogInit: User: white
[2024.03.04-18.01.42:339][  0]LogInit: CPU Page size=4096, Cores=6
[2024.03.04-18.01.42:339][  0]LogInit: High frequency timer resolution =10.000000 MHz
[2024.03.04-18.01.42:339][  0]LogMemory: Memory total: Physical=23.9GB (24GB approx)
[2024.03.04-18.01.42:339][  0]LogMemory: Platform Memory Stats for Windows
[2024.03.04-18.01.42:339][  0]LogMemory: Process Physical Memory: 98.53 MB used, 98.53 MB peak
[2024.03.04-18.01.42:339][  0]LogMemory: Process Virtual Memory: 84.32 MB used, 84.32 MB peak
[2024.03.04-18.01.42:339][  0]LogMemory: Physical Memory: 12175.71 MB used,  12319.77 MB free, 24495.48 MB total
[2024.03.04-18.01.42:339][  0]LogMemory: Virtual Memory: 4643.96 MB used,  134213080.00 MB free, 134217728.00 MB total
[2024.03.04-18.01.42:581][  0]LogInit: Using OS detected language (ru-RU).
[2024.03.04-18.01.42:581][  0]LogInit: Using OS detected locale (ru-RU).
[2024.03.04-18.01.42:582][  0]LogTextLocalizationManager: No specific localization for 'ru-RU' exists, so the 'ru' localization will be used.
[2024.03.04-18.01.42:582][  0]LogTextLocalizationResource: LocRes '../../../Engine/Content/Localization/Editor/ru/Editor.locres' could not be opened for reading!
[2024.03.04-18.01.42:582][  0]LogTextLocalizationResource: LocRes '../../../Engine/Content/Localization/EditorTutorials/ru/EditorTutorials.locres' could not be opened for reading!
[2024.03.04-18.01.42:582][  0]LogTextLocalizationResource: LocRes '../../../Engine/Content/Localization/Keywords/ru/Keywords.locres' could not be opened for reading!
[2024.03.04-18.01.42:583][  0]LogTextLocalizationResource: LocRes '../../../Engine/Content/Localization/Category/ru/Category.locres' could not be opened for reading!
[2024.03.04-18.01.42:583][  0]LogTextLocalizationResource: LocRes '../../../Engine/Content/Localization/ToolTips/ru/ToolTips.locres' could not be opened for reading!
[2024.03.04-18.01.42:583][  0]LogTextLocalizationResource: LocRes '../../../Engine/Content/Localization/PropertyNames/ru/PropertyNames.locres' could not be opened for reading!
[2024.03.04-18.01.42:583][  0]LogTextLocalizationResource: LocRes '../../../Engine/Content/Localization/Engine/ru/Engine.locres' could not be opened for reading!
[2024.03.04-18.01.42:584][  0]LogInit: Setting process to per monitor DPI aware
[2024.03.04-18.01.42:624][  0]LogSlate: New Slate User Created.  User Index 0, Is Virtual User: 0
[2024.03.04-18.01.42:624][  0]LogSlate: Slate User Registered.  User Index 0, Is Virtual User: 0
[2024.03.04-18.01.42:777][  0]LogHMD: Failed to initialize OpenVR with code 110
[2024.03.04-18.01.42:777][  0]LogD3D11RHI: D3D11 adapters:
[2024.03.04-18.01.42:965][  0]LogD3D11RHI:    0. 'NVIDIA GeForce GTX 1650' (Feature Level 11_0)
[2024.03.04-18.01.42:965][  0]LogD3D11RHI:       3937/0/12247 MB DedicatedVideo/DedicatedSystem/SharedSystem, Outputs:1, VendorId:0x10de
[2024.03.04-18.01.42:972][  0]LogD3D11RHI:    1. 'Microsoft Basic Render Driver' (Feature Level 11_0)
[2024.03.04-18.01.42:972][  0]LogD3D11RHI:       0/0/12247 MB DedicatedVideo/DedicatedSystem/SharedSystem, Outputs:0, VendorId:0x1414
[2024.03.04-18.01.42:972][  0]LogD3D11RHI: Chosen D3D11 Adapter: 0
[2024.03.04-18.01.42:979][  0]LogD3D11RHI: Creating new Direct3DDevice
[2024.03.04-18.01.42:979][  0]LogD3D11RHI:     GPU DeviceId: 0x1f82 (for the marketing name, search the web for "GPU Device Id")
[2024.03.04-18.01.42:979][  0]LogWindows: EnumDisplayDevices:
[2024.03.04-18.01.42:979][  0]LogWindows:    0. 'NVIDIA GeForce GTX 1650' (P:1 D:1)
[2024.03.04-18.01.42:979][  0]LogWindows:    1. 'NVIDIA GeForce GTX 1650' (P:0 D:0)
[2024.03.04-18.01.42:980][  0]LogWindows:    2. 'NVIDIA GeForce GTX 1650' (P:0 D:0)
[2024.03.04-18.01.42:980][  0]LogWindows:    3. 'NVIDIA GeForce GTX 1650' (P:0 D:0)
[2024.03.04-18.01.42:980][  0]LogWindows: DebugString: FoundDriverCount:4 
[2024.03.04-18.01.42:980][  0]LogD3D11RHI:     Adapter Name: NVIDIA GeForce GTX 1650
[2024.03.04-18.01.42:980][  0]LogD3D11RHI:   Driver Version: 551.61 (internal:31.0.15.5161, unified:551.61)
[2024.03.04-18.01.42:981][  0]LogD3D11RHI:      Driver Date: 2-15-2024
[2024.03.04-18.01.42:981][  0]LogRHI: Texture pool is 2755 MB (70% of 3937 MB)
[2024.03.04-18.01.43:079][  0]LogD3D11RHI: Async texture creation enabled
[2024.03.04-18.01.43:093][  0]LogRendererCore: FGlobalReadBuffer::InitRHI
[2024.03.04-18.01.43:093][  0]LogRendererCore: FGlobalReadBuffer::InitRHI
[2024.03.04-18.01.43:093][  0]LogRendererCore: FGlobalReadBuffer::InitRHI
[2024.03.04-18.01.43:107][  0]LogD3D11RHI: GPU Timing Frequency: 1000.000000 (Debug: 2 2)
[2024.03.04-18.01.43:414][  0]LogTemp: Display: Module 'AllDesktopTargetPlatform' loaded TargetPlatform 'AllDesktop'
[2024.03.04-18.01.43:435][  0]LogTemp: Display: Module 'MacClientTargetPlatform' loaded TargetPlatform 'MacClient'
[2024.03.04-18.01.43:453][  0]LogTemp: Display: Module 'MacNoEditorTargetPlatform' loaded TargetPlatform 'MacNoEditor'
[2024.03.04-18.01.43:470][  0]LogTemp: Display: Module 'MacServerTargetPlatform' loaded TargetPlatform 'MacServer'
[2024.03.04-18.01.43:486][  0]LogTemp: Display: Module 'MacTargetPlatform' loaded TargetPlatform 'Mac'
[2024.03.04-18.01.43:503][  0]LogTemp: Display: Module 'WindowsClientTargetPlatform' loaded TargetPlatform 'WindowsClient'
[2024.03.04-18.01.43:521][  0]LogTemp: Display: Module 'WindowsNoEditorTargetPlatform' loaded TargetPlatform 'WindowsNoEditor'
[2024.03.04-18.01.43:538][  0]LogTemp: Display: Module 'WindowsServerTargetPlatform' loaded TargetPlatform 'WindowsServer'
[2024.03.04-18.01.43:547][  0]LogTemp: Display: Module 'WindowsTargetPlatform' loaded TargetPlatform 'Windows'
[2024.03.04-18.01.43:634][  0]LogTemp: Display: Module 'AndroidTargetPlatform' loaded TargetPlatform 'Android'
[2024.03.04-18.01.43:634][  0]LogTemp: Display: Module 'AndroidTargetPlatform' loaded TargetPlatform 'Android_ASTC'
[2024.03.04-18.01.43:634][  0]LogTemp: Display: Module 'AndroidTargetPlatform' loaded TargetPlatform 'Android_ATC'
[2024.03.04-18.01.43:634][  0]LogTemp: Display: Module 'AndroidTargetPlatform' loaded TargetPlatform 'Android_DXT'
[2024.03.04-18.01.43:634][  0]LogTemp: Display: Module 'AndroidTargetPlatform' loaded TargetPlatform 'Android_ETC1'
[2024.03.04-18.01.43:634][  0]LogTemp: Display: Module 'AndroidTargetPlatform' loaded TargetPlatform 'Android_ETC1a'
[2024.03.04-18.01.43:634][  0]LogTemp: Display: Module 'AndroidTargetPlatform' loaded TargetPlatform 'Android_ETC2'
[2024.03.04-18.01.43:634][  0]LogTemp: Display: Module 'AndroidTargetPlatform' loaded TargetPlatform 'Android_PVRTC'
[2024.03.04-18.01.43:634][  0]LogTemp: Display: Module 'AndroidTargetPlatform' loaded TargetPlatform 'AndroidClient'
[2024.03.04-18.01.43:634][  0]LogTemp: Display: Module 'AndroidTargetPlatform' loaded TargetPlatform 'Android_ASTCClient'
[2024.03.04-18.01.43:634][  0]LogTemp: Display: Module 'AndroidTargetPlatform' loaded TargetPlatform 'Android_ATCClient'
[2024.03.04-18.01.43:634][  0]LogTemp: Display: Module 'AndroidTargetPlatform' loaded TargetPlatform 'Android_DXTClient'
[2024.03.04-18.01.43:635][  0]LogTemp: Display: Module 'AndroidTargetPlatform' loaded TargetPlatform 'Android_ETC1Client'
[2024.03.04-18.01.43:635][  0]LogTemp: Display: Module 'AndroidTargetPlatform' loaded TargetPlatform 'Android_ETC1aClient'
[2024.03.04-18.01.43:635][  0]LogTemp: Display: Module 'AndroidTargetPlatform' loaded TargetPlatform 'Android_ETC2Client'
[2024.03.04-18.01.43:635][  0]LogTemp: Display: Module 'AndroidTargetPlatform' loaded TargetPlatform 'Android_PVRTCClient'
[2024.03.04-18.01.43:635][  0]LogTemp: Display: Module 'AndroidTargetPlatform' loaded TargetPlatform 'Android_Multi'
[2024.03.04-18.01.43:635][  0]LogTemp: Display: Module 'AndroidTargetPlatform' loaded TargetPlatform 'Android_MultiClient'
[2024.03.04-18.01.43:640][  0]LogTemp: Display: Module 'HTML5TargetPlatform' loaded TargetPlatform 'HTML5'
[2024.03.04-18.01.43:701][  0]LogTemp: Display: Module 'IOSTargetPlatform' loaded TargetPlatform 'IOSClient'
[2024.03.04-18.01.43:701][  0]LogTemp: Display: Module 'IOSTargetPlatform' loaded TargetPlatform 'IOS'
[2024.03.04-18.01.43:730][  0]LogTemp: Display: Module 'TVOSTargetPlatform' loaded TargetPlatform 'TVOSClient'
[2024.03.04-18.01.43:730][  0]LogTemp: Display: Module 'TVOSTargetPlatform' loaded TargetPlatform 'TVOS'
[2024.03.04-18.01.43:745][  0]LogTemp: Display: Module 'LinuxClientTargetPlatform' loaded TargetPlatform 'LinuxClient'
[2024.03.04-18.01.43:761][  0]LogTemp: Display: Module 'LinuxNoEditorTargetPlatform' loaded TargetPlatform 'LinuxNoEditor'
[2024.03.04-18.01.43:777][  0]LogTemp: Display: Module 'LinuxServerTargetPlatform' loaded TargetPlatform 'LinuxServer'
[2024.03.04-18.01.43:794][  0]LogTemp: Display: Module 'LinuxTargetPlatform' loaded TargetPlatform 'Linux'
[2024.03.04-18.01.43:843][  0]LogTemp: Display: Module 'LuminTargetPlatform' loaded TargetPlatform 'Lumin'
[2024.03.04-18.01.43:843][  0]LogTemp: Display: Module 'LuminTargetPlatform' loaded TargetPlatform 'LuminClient'
[2024.03.04-18.01.43:844][  0]LogTargetPlatformManager: Display: Building Assets For Windows
[2024.03.04-18.01.43:863][  0]LogAudioDebug: Display: Lib vorbis DLL was dynamically loaded.
[2024.03.04-18.01.43:963][  0]LogShaderCompilers: Guid format shader working directory is 5 characters bigger than the processId version (D:/Home Work/UE_Home_Work/Module20/Snake/Intermediate/Shaders/WorkingDirectory/18892/).
[2024.03.04-18.01.43:964][  0]LogShaderCompilers: Cleaned the shader compiler working directory 'C:/Users/white/AppData/Local/Temp/UnrealShaderWorkingDir/E3B9948749E0F39D09C1B0B34B8C8EA6/'.
[2024.03.04-18.01.43:966][  0]LogXGEController: Cleaning working directory: C:/Users/white/AppData/Local/Temp/UnrealXGEWorkingDir/
[2024.03.04-18.01.43:967][  0]LogXGEController: Cannot use XGE Controller as Incredibuild is not installed on this machine.
[2024.03.04-18.01.43:967][  0]LogShaderCompilers: Cannot use XGE Shader Compiler as Incredibuild is not installed on this machine.
[2024.03.04-18.01.43:967][  0]LogShaderCompilers: Display: Using Local Shader Compiler.
[2024.03.04-18.01.44:549][  0]LogDerivedDataCache: Display: Max Cache Size: 512 MB
[2024.03.04-18.01.44:597][  0]LogDerivedDataCache: Loaded boot cache 0.05s 71MB C:/Users/white/AppData/Local/UnrealEngine/4.22/DerivedDataCache/Boot.ddc.
[2024.03.04-18.01.44:597][  0]LogDerivedDataCache: Display: Loaded Boot cache: C:/Users/white/AppData/Local/UnrealEngine/4.22/DerivedDataCache/Boot.ddc
[2024.03.04-18.01.44:597][  0]LogDerivedDataCache: FDerivedDataBackendGraph:  Pak pak cache file D:/Home Work/UE_Home_Work/Module20/Snake/DerivedDataCache/DDC.ddp not found, will not use a pak cache.
[2024.03.04-18.01.44:597][  0]LogDerivedDataCache: Unable to find inner node Pak for hierarchical cache Hierarchy.
[2024.03.04-18.01.44:598][  0]LogDerivedDataCache: FDerivedDataBackendGraph:  CompressedPak pak cache file D:/Home Work/UE_Home_Work/Module20/Snake/DerivedDataCache/Compressed.ddp not found, will not use a pak cache.
[2024.03.04-18.01.44:598][  0]LogDerivedDataCache: Unable to find inner node CompressedPak for hierarchical cache Hierarchy.
[2024.03.04-18.01.44:612][  0]LogDerivedDataCache: Display: Pak cache opened for reading ../../../Engine/DerivedDataCache/Compressed.ddp.
[2024.03.04-18.01.44:612][  0]LogDerivedDataCache: FDerivedDataBackendGraph:  EnterprisePak pak cache file ../../../Enterprise/DerivedDataCache/Compressed.ddp not found, will not use a pak cache.
[2024.03.04-18.01.44:612][  0]LogDerivedDataCache: Unable to find inner node EnterprisePak for hierarchical cache Hierarchy.
[2024.03.04-18.01.44:625][  0]LogDerivedDataCache: Using Local data cache path C:/Users/white/AppData/Local/UnrealEngine/Common/DerivedDataCache: Writable
[2024.03.04-18.01.44:625][  0]LogDerivedDataCache: Shared data cache path not found in *engine.ini, will not use an Shared cache.
[2024.03.04-18.01.44:625][  0]LogDerivedDataCache: Unable to find inner node Shared for hierarchical cache Hierarchy.
[2024.03.04-18.01.44:649][  0]LogMaterial: Verifying Global Shaders for PCD3D_SM5
[2024.03.04-18.01.44:650][  0]LogSlate: Using FreeType 2.6.0
[2024.03.04-18.01.44:650][  0]LogSlate: SlateFontServices - WITH_FREETYPE: 1, WITH_HARFBUZZ: 1
[2024.03.04-18.01.44:739][  0]LogAssetRegistry: FAssetRegistry took 0.0365 seconds to start up
[2024.03.04-18.01.45:058][  0]LogInit: Selected Device Profile: [Windows]
[2024.03.04-18.01.45:225][  0]LogMeshReduction: Using QuadricMeshReduction for automatic static mesh reduction
[2024.03.04-18.01.45:225][  0]LogMeshReduction: Using SimplygonMeshReduction for automatic skeletal mesh reduction
[2024.03.04-18.01.45:225][  0]LogMeshReduction: Using ProxyLODMeshReduction for automatic mesh merging
[2024.03.04-18.01.45:225][  0]LogMeshReduction: No distributed automatic mesh merging module available
[2024.03.04-18.01.45:225][  0]LogMeshMerging: No distributed automatic mesh merging module available
[2024.03.04-18.01.45:236][  0]LogNetVersion: Snake 1.0.0, NetCL: 5660361, EngineNetVer: 10, GameNetVer: 0 (Checksum: 1424248934)
[2024.03.04-18.01.45:614][  0]LogPackageLocalizationCache: Processed 10 localized package path(s) for 1 prioritized culture(s) in 0.026008 seconds
[2024.03.04-18.01.45:620][  0]LogUObjectArray: 42205 objects as part of root set at end of initial load.
[2024.03.04-18.01.45:621][  0]LogUObjectAllocator: 7325032 out of 0 bytes used by permanent object pool.
[2024.03.04-18.01.45:621][  0]LogUObjectArray: CloseDisregardForGC: 0/0 objects in disregard for GC pool
[2024.03.04-18.01.46:611][  0]LogTcpMessaging: Initializing TcpMessaging bridge
[2024.03.04-18.01.46:632][  0]LogUdpMessaging: Initializing bridge on interface 0.0.0.0:0 to multicast group 230.0.0.1:6666.
[2024.03.04-18.01.47:295][  0]SourceControl: Source control is disabled
[2024.03.04-18.01.47:295][  0]SourceControl: Source control is disabled
[2024.03.04-18.01.47:300][  0]SourceControl: Source control is disabled
[2024.03.04-18.01.47:303][  0]SourceControl: Source control is disabled
[2024.03.04-18.01.47:464][  0]LogAndroidPermission: UAndroidPermissionCallbackProxy::GetInstance
[2024.03.04-18.01.47:600][  0]LogOcInput: OculusInput pre-init called
[2024.03.04-18.01.48:286][  0]LogEngine: Initializing Engine...
[2024.03.04-18.01.48:287][  0]LogHMD: Failed to initialize OpenVR with code 110
[2024.03.04-18.01.48:288][  0]LogStats: UGameplayTagsManager::InitializeManager -  0.000 s
[2024.03.04-18.01.48:499][  0]LogInit: Initializing FReadOnlyCVARCache
[2024.03.04-18.01.48:514][  0]LogAIModule: Creating AISystem for world Untitled
[2024.03.04-18.01.48:547][  0]LogInit: XAudio2 using 'Динамики (High Definition Audio Device)' : 2 channels at 48 kHz using 16 bits per sample (channel mask 0x3)
[2024.03.04-18.01.48:608][  0]LogInit: FAudioDevice initialized.
[2024.03.04-18.01.48:608][  0]LogNetVersion: Set ProjectVersion to 1.0.0.0. Version Checksum will be recalculated on next use.
[2024.03.04-18.01.48:661][  0]LogDerivedDataCache: Saved boot cache 0.05s 71MB C:/Users/white/AppData/Local/UnrealEngine/4.22/DerivedDataCache/Boot.ddc.
[2024.03.04-18.01.48:664][  0]LogInit: Texture streaming: Enabled
[2024.03.04-18.01.48:691][  0]LogEngineSessionManager: EngineSessionManager initialized
[2024.03.04-18.01.48:713][  0]LogInit: Transaction tracking system initialized
[2024.03.04-18.01.48:750][  0]BlueprintLog: New page: Editor Load
[2024.03.04-18.01.48:883][  0]LocalizationService: Localization service is disabled
[2024.03.04-18.01.49:219][  0]LogFileCache: Scanning file cache for directory 'D:/Home Work/UE_Home_Work/Module20/Snake/Content/' took 0.01s
[2024.03.04-18.01.49:219][  0]LogCook: Display: Max memory allowance for cook 16384mb min free memory 0mb
[2024.03.04-18.01.49:219][  0]LogCook: Display: Mobile HDR setting 1
[2024.03.04-18.01.49:359][  0]LogLinker: Warning: Can't find file '/Engine/BasicShapes/Sphere'
[2024.03.04-18.01.49:360][  0]LogLinker: Warning: Can't find file '/Engine/BasicShapes/Sphere'
[2024.03.04-18.01.49:360][  0]LogUObjectGlobals: Warning: Failed to find object 'StaticMesh /Engine/BasicShapes/Sphere.Sphere'
[2024.03.04-18.01.49:490][  0]SourceControl: Source control is disabled
[2024.03.04-18.01.49:491][  0]Cmd: MAP LOAD FILE="D:/Home Work/UE_Home_Work/Module20/Snake/Content/Main.umap" TEMPLATE=0 SHOWPROGRESS=1 FEATURELEVEL=3
[2024.03.04-18.01.49:491][  0]LightingResults: New page: Lighting Build
[2024.03.04-18.01.49:494][  0]MapCheck: New page: Map Check
[2024.03.04-18.01.49:494][  0]LightingResults: New page: Lighting Build
[2024.03.04-18.01.49:523][  0]LogUObjectHash: Compacting FUObjectHashTables data took   1.58ms
[2024.03.04-18.01.49:600][  0]LogAIModule: Creating AISystem for world Main
[2024.03.04-18.01.49:603][  0]LogEditorServer: Finished looking for orphan Actors (0.000 secs)
[2024.03.04-18.01.49:636][  0]LogUObjectHash: Compacting FUObjectHashTables data took   1.94ms
[2024.03.04-18.01.49:636][  0]Cmd: MAP CHECKDEP NOCLEARLOG
[2024.03.04-18.01.49:636][  0]MapCheck: Map check complete: 0 Error(s), 0 Warning(s), took 0,087ms to complete.
[2024.03.04-18.01.49:636][  0]LogFileHelpers: Loading map 'Main' took 0.146
[2024.03.04-18.01.49:779][  0]LogSlate: Updating window title bar state: overlay mode, drag disabled, window buttons hidden, title bar hidden
[2024.03.04-18.01.49:787][  0]LogSlate: Updating window title bar state: overlay mode, drag disabled, window buttons hidden, title bar hidden
[2024.03.04-18.01.49:794][  0]LogSlate: Updating window title bar state: overlay mode, drag disabled, window buttons hidden, title bar hidden
[2024.03.04-18.01.49:802][  0]LogSlate: Updating window title bar state: overlay mode, drag disabled, window buttons hidden, title bar hidden
[2024.03.04-18.01.49:811][  0]LogCollectionManager: Loaded 0 collections in 0.002018 seconds
[2024.03.04-18.01.49:832][  0]LogFileCache: Scanning file cache for directory 'D:/Home Work/UE_Home_Work/Module20/Snake/Saved/Collections/' took 0.01s
[2024.03.04-18.01.49:833][  0]LogFileCache: Scanning file cache for directory 'D:/Home Work/UE_Home_Work/Module20/Snake/Content/Developers/white/Collections/' took 0.00s
[2024.03.04-18.01.49:833][  0]LogFileCache: Scanning file cache for directory 'D:/Home Work/UE_Home_Work/Module20/Snake/Content/Collections/' took 0.00s
[2024.03.04-18.01.49:833][  0]LogCollectionManager: Rebuilt the GUID cache for 0 collections in 0.000001 seconds
[2024.03.04-18.01.49:844][  0]LogContentBrowser: Native class hierarchy populated in 0.0103 seconds. Added 2736 classes and 661 folders.
[2024.03.04-18.01.49:851][  0]LogContentBrowser: Native class hierarchy updated for 'WidgetCarousel' in 0.0003 seconds. Added 0 classes and 0 folders.
[2024.03.04-18.01.49:853][  0]LogPakFile: Registered encryption key '00000000000000000000000000000000': 0 pak files mounted, 0 remain pending
[2024.03.04-18.01.49:853][  0]LogPakFile: Registered encryption key '00000000000000000000000000000000': 0 pak files mounted, 0 remain pending
[2024.03.04-18.01.49:854][  0]LogPakFile: Registered encryption key '00000000000000000000000000000000': 0 pak files mounted, 0 remain pending
[2024.03.04-18.01.49:854][  0]LogPakFile: Registered encryption key '00000000000000000000000000000000': 0 pak files mounted, 0 remain pending
[2024.03.04-18.01.49:854][  0]LogPakFile: Registered encryption key '00000000000000000000000000000000': 0 pak files mounted, 0 remain pending
[2024.03.04-18.01.49:856][  0]LogPakFile: Registered encryption key '00000000000000000000000000000000': 0 pak files mounted, 0 remain pending
[2024.03.04-18.01.49:856][  0]LogPakFile: Registered encryption key '00000000000000000000000000000000': 0 pak files mounted, 0 remain pending
[2024.03.04-18.01.49:857][  0]LogPakFile: Registered encryption key '00000000000000000000000000000000': 0 pak files mounted, 0 remain pending
[2024.03.04-18.01.49:857][  0]LogPakFile: Registered encryption key '00000000000000000000000000000000': 0 pak files mounted, 0 remain pending
[2024.03.04-18.01.49:858][  0]LogPakFile: Registered encryption key '00000000000000000000000000000000': 0 pak files mounted, 0 remain pending
[2024.03.04-18.01.49:859][  0]LogPakFile: Registered encryption key '00000000000000000000000000000000': 0 pak files mounted, 0 remain pending
[2024.03.04-18.01.49:859][  0]LogPakFile: Registered encryption key '00000000000000000000000000000000': 0 pak files mounted, 0 remain pending
[2024.03.04-18.01.49:860][  0]LogPakFile: Registered encryption key '00000000000000000000000000000000': 0 pak files mounted, 0 remain pending
[2024.03.04-18.01.49:860][  0]LogPakFile: Registered encryption key '00000000000000000000000000000000': 0 pak files mounted, 0 remain pending
[2024.03.04-18.01.49:861][  0]LogPakFile: Registered encryption key '00000000000000000000000000000000': 0 pak files mounted, 0 remain pending
[2024.03.04-18.01.49:862][  0]LogPakFile: Registered encryption key '00000000000000000000000000000000': 0 pak files mounted, 0 remain pending
[2024.03.04-18.01.49:862][  0]LogPakFile: Registered encryption key '00000000000000000000000000000000': 0 pak files mounted, 0 remain pending
[2024.03.04-18.01.49:863][  0]LogPakFile: Registered encryption key '00000000000000000000000000000000': 0 pak files mounted, 0 remain pending
[2024.03.04-18.01.49:863][  0]LogPakFile: Registered encryption key '00000000000000000000000000000000': 0 pak files mounted, 0 remain pending
[2024.03.04-18.01.49:863][  0]LogPakFile: Registered encryption key '00000000000000000000000000000000': 0 pak files mounted, 0 remain pending
[2024.03.04-18.01.49:864][  0]LogPakFile: Registered encryption key '00000000000000000000000000000000': 0 pak files mounted, 0 remain pending
[2024.03.04-18.01.49:864][  0]LogPakFile: Registered encryption key '00000000000000000000000000000000': 0 pak files mounted, 0 remain pending
[2024.03.04-18.01.49:865][  0]LogPakFile: Registered encryption key '00000000000000000000000000000000': 0 pak files mounted, 0 remain pending
[2024.03.04-18.01.49:865][  0]LogPakFile: Registered encryption key '00000000000000000000000000000000': 0 pak files mounted, 0 remain pending
[2024.03.04-18.01.49:866][  0]LogPakFile: Registered encryption key '00000000000000000000000000000000': 0 pak files mounted, 0 remain pending
[2024.03.04-18.01.49:867][  0]LogPakFile: Registered encryption key '00000000000000000000000000000000': 0 pak files mounted, 0 remain pending
[2024.03.04-18.01.49:892][  0]LogContentBrowser: Native class hierarchy updated for 'AddContentDialog' in 0.0003 seconds. Added 0 classes and 0 folders.
[2024.03.04-18.01.49:900][  0]LogContentBrowser: Native class hierarchy updated for 'SceneOutliner' in 0.0005 seconds. Added 1 classes and 2 folders.
[2024.03.04-18.01.49:914][  0]LogSlate: Took 0.000168 seconds to synchronously load lazily loaded font '../../../Engine/Content/Slate/Fonts/Roboto-Regular.ttf' (155K)
[2024.03.04-18.01.49:918][  0]LogSlate: Took 0.000150 seconds to synchronously load lazily loaded font '../../../Engine/Content/Slate/Fonts/Roboto-Bold.ttf' (160K)
[2024.03.04-18.01.49:923][  0]LogSlate: Took 0.000127 seconds to synchronously load lazily loaded font '../../../Engine/Content/Editor/Slate/Fonts/FontAwesome.ttf' (139K)
[2024.03.04-18.01.49:997][  0]LogRenderer: Reallocating scene render targets to support 1208x568 Format 10 NumSamples 1 (Frame:1).
[2024.03.04-18.01.50:046][  0]LogSlate: Took 0.000135 seconds to synchronously load lazily loaded font '../../../Engine/Content/Slate/Fonts/Roboto-Light.ttf' (167K)
[2024.03.04-18.01.50:182][  0]LogContentBrowser: Native class hierarchy updated for 'HierarchicalLODOutliner' in 0.0004 seconds. Added 0 classes and 0 folders.
[2024.03.04-18.01.50:182][  0]LogLoad: (Engine Initialization) Total time: 9.86 seconds
[2024.03.04-18.01.50:183][  0]LogLoad: (Engine Initialization) Total Blueprint compile time: 0.00 seconds
[2024.03.04-18.01.50:215][  0]LogAssetRegistry: Asset discovery search completed in 5.5014 seconds
[2024.03.04-18.01.50:218][  0]LogCollectionManager: Rebuilt the object cache for 0 collections in 0.000000 seconds (found 0 objects)
[2024.03.04-18.01.50:218][  0]LogCollectionManager: Fixed up redirectors for 0 collections in 0.000154 seconds (updated 0 objects)
[2024.03.04-18.01.50:220][  0]LogContentStreaming: Texture pool size now 1000 MB
[2024.03.04-18.01.52:212][232]LogSlate: FSceneViewport::OnFocusLost() reason 0
[2024.03.04-18.01.52:345][248]LogTemp: Repeating last play command: Selected Viewport
[2024.03.04-18.01.52:353][248]LogBlueprintUserMessages: Early PlayInEditor Detection: Level '/Game/Main.Main:PersistentLevel' has LevelScriptBlueprint '/Game/Main.Main:PersistentLevel.Main' with GeneratedClass '/Game/Main.Main_C' with ClassGeneratedBy '/Game/Main.Main:PersistentLevel.Main'
[2024.03.04-18.01.52:353][248]LogPlayLevel: PlayLevel: No blueprints needed recompiling
[2024.03.04-18.01.52:353][248]PIE: New page: PIE session: Main (5 марта 2024 г., 0:01:52)
[2024.03.04-18.01.52:367][248]LogPlayLevel: Creating play world package: /Game/UEDPIE_0_Main
[2024.03.04-18.01.52:370][248]LogPlayLevel: PIE: StaticDuplicateObject took: (0.002205s)
[2024.03.04-18.01.52:370][248]LogAIModule: Creating AISystem for world Main
[2024.03.04-18.01.52:371][248]LogPlayLevel: PIE: World Init took: (0.000726s)
[2024.03.04-18.01.52:371][248]LogPlayLevel: PIE: Created PIE world by copying editor world from /Game/Main.Main to /Game/UEDPIE_0_Main.Main (0.003393s)
[2024.03.04-18.01.52:400][248]LogUObjectHash: Compacting FUObjectHashTables data took   1.36ms
[2024.03.04-18.01.52:418][248]LogInit: XAudio2 using 'Динамики (High Definition Audio Device)' : 2 channels at 48 kHz using 16 bits per sample (channel mask 0x3)
[2024.03.04-18.01.52:434][248]LogInit: FAudioDevice initialized.
[2024.03.04-18.01.52:504][248]LogLoad: Game class is 'BP_SnakeGameMode_C'
[2024.03.04-18.01.52:506][248]LogWorld: Bringing World /Game/UEDPIE_0_Main.Main up for play (max tick rate 0) at 2024.03.04-21.01.52
[2024.03.04-18.01.52:507][248]LogWorld: Bringing up level for play took: 0.000741
[2024.03.04-18.01.52:527][248]LogContentBrowser: Native class hierarchy updated for 'MovieSceneCapture' in 0.0004 seconds. Added 20 classes and 0 folders.
[2024.03.04-18.01.52:528][248]LogActor: Warning: SnakeElementBP_C /Game/UEDPIE_0_Main.Main:PersistentLevel.SnakeElementBP_C_0 has natively added scene component(s), but none of them were set as the actor's RootComponent - picking one arbitrarily
[2024.03.04-18.01.52:528][248]LogActor: Warning: SnakeElementBP_C /Game/UEDPIE_0_Main.Main:PersistentLevel.SnakeElementBP_C_1 has natively added scene component(s), but none of them were set as the actor's RootComponent - picking one arbitrarily
[2024.03.04-18.01.52:528][248]LogActor: Warning: SnakeElementBP_C /Game/UEDPIE_0_Main.Main:PersistentLevel.SnakeElementBP_C_2 has natively added scene component(s), but none of them were set as the actor's RootComponent - picking one arbitrarily
[2024.03.04-18.01.52:528][248]LogActor: Warning: SnakeElementBP_C /Game/UEDPIE_0_Main.Main:PersistentLevel.SnakeElementBP_C_3 has natively added scene component(s), but none of them were set as the actor's RootComponent - picking one arbitrarily
[2024.03.04-18.01.52:529][248]PIE: Play in editor start time for /Game/UEDPIE_0_Main 0,674
[2024.03.04-18.01.52:529][248]LogBlueprintUserMessages: Late PlayInEditor Detection: Level '/Game/Main.Main:PersistentLevel' has LevelScriptBlueprint '/Game/Main.Main:PersistentLevel.Main' with GeneratedClass '/Game/Main.Main_C' with ClassGeneratedBy '/Game/Main.Main:PersistentLevel.Main'
[2024.03.04-18.01.52:565][249]LogActor: Warning: SnakeElementBP_C /Engine/Transient.World_0:PersistentLevel.SnakeElementBP_C_0 has natively added scene component(s), but none of them were set as the actor's RootComponent - picking one arbitrarily
[2024.03.04-18.02.01:072][268]LogBlueprintUserMessages: Early EndPlayMap Detection: Level '/Game/Main.Main:PersistentLevel' has LevelScriptBlueprint '/Game/Main.Main:PersistentLevel.Main' with GeneratedClass '/Game/Main.Main_C' with ClassGeneratedBy '/Game/Main.Main:PersistentLevel.Main'
[2024.03.04-18.02.01:072][268]LogSlate: Updating window title bar state: overlay mode, drag disabled, window buttons hidden, title bar hidden
[2024.03.04-18.02.01:105][268]LogPlayLevel: Display: Shutting down PIE online subsystems
[2024.03.04-18.02.01:105][268]LogBlueprintUserMessages: Late EndPlayMap Detection: Level '/Game/Main.Main:PersistentLevel' has LevelScriptBlueprint '/Game/Main.Main:PersistentLevel.Main' with GeneratedClass '/Game/Main.Main_C' with ClassGeneratedBy '/Game/Main.Main:PersistentLevel.Main'
[2024.03.04-18.02.01:137][268]LogSlate: Updating window title bar state: overlay mode, drag disabled, window buttons hidden, title bar hidden
[2024.03.04-18.02.01:140][268]LogUObjectHash: Compacting FUObjectHashTables data took   1.62ms
[2024.03.04-18.02.01:175][272]LogPlayLevel: Display: Destroying online subsystem :Context_1
[2024.03.04-18.02.02:434][423]LogTemp: Repeating last play command: Selected Viewport
[2024.03.04-18.02.02:441][423]LogBlueprintUserMessages: Early PlayInEditor Detection: Level '/Game/Main.Main:PersistentLevel' has LevelScriptBlueprint '/Game/Main.Main:PersistentLevel.Main' with GeneratedClass '/Game/Main.Main_C' with ClassGeneratedBy '/Game/Main.Main:PersistentLevel.Main'
[2024.03.04-18.02.02:441][423]LogPlayLevel: PlayLevel: No blueprints needed recompiling
[2024.03.04-18.02.02:441][423]PIE: New page: PIE session: Main (5 марта 2024 г., 0:02:02)
[2024.03.04-18.02.02:441][423]LogPlayLevel: Creating play world package: /Game/UEDPIE_0_Main
[2024.03.04-18.02.02:445][423]LogPlayLevel: PIE: StaticDuplicateObject took: (0.002375s)
[2024.03.04-18.02.02:445][423]LogAIModule: Creating AISystem for world Main
[2024.03.04-18.02.02:446][423]LogPlayLevel: PIE: World Init took: (0.000748s)
[2024.03.04-18.02.02:446][423]LogPlayLevel: PIE: Created PIE world by copying editor world from /Game/Main.Main to /Game/UEDPIE_0_Main.Main (0.004363s)
[2024.03.04-18.02.02:472][423]LogUObjectHash: Compacting FUObjectHashTables data took   1.08ms
[2024.03.04-18.02.02:491][423]LogInit: XAudio2 using 'Динамики (High Definition Audio Device)' : 2 channels at 48 kHz using 16 bits per sample (channel mask 0x3)
[2024.03.04-18.02.02:509][423]LogInit: FAudioDevice initialized.
[2024.03.04-18.02.02:544][423]LogLoad: Game class is 'BP_SnakeGameMode_C'
[2024.03.04-18.02.02:546][423]LogWorld: Bringing World /Game/UEDPIE_0_Main.Main up for play (max tick rate 0) at 2024.03.04-21.02.02
[2024.03.04-18.02.02:546][423]LogWorld: Bringing up level for play took: 0.000590
[2024.03.04-18.02.02:559][423]LogActor: Warning: SnakeElementBP_C /Game/UEDPIE_0_Main.Main:PersistentLevel.SnakeElementBP_C_0 has natively added scene component(s), but none of them were set as the actor's RootComponent - picking one arbitrarily
[2024.03.04-18.02.02:559][423]LogActor: Warning: SnakeElementBP_C /Game/UEDPIE_0_Main.Main:PersistentLevel.SnakeElementBP_C_1 has natively added scene component(s), but none of them were set as the actor's RootComponent - picking one arbitrarily
[2024.03.04-18.02.02:560][423]LogActor: Warning: SnakeElementBP_C /Game/UEDPIE_0_Main.Main:PersistentLevel.SnakeElementBP_C_2 has natively added scene component(s), but none of them were set as the actor's RootComponent - picking one arbitrarily
[2024.03.04-18.02.02:560][423]LogActor: Warning: SnakeElementBP_C /Game/UEDPIE_0_Main.Main:PersistentLevel.SnakeElementBP_C_3 has natively added scene component(s), but none of them were set as the actor's RootComponent - picking one arbitrarily
[2024.03.04-18.02.02:560][423]PIE: Play in editor start time for /Game/UEDPIE_0_Main 0,706
[2024.03.04-18.02.02:560][423]LogBlueprintUserMessages: Late PlayInEditor Detection: Level '/Game/Main.Main:PersistentLevel' has LevelScriptBlueprint '/Game/Main.Main:PersistentLevel.Main' with GeneratedClass '/Game/Main.Main_C' with ClassGeneratedBy '/Game/Main.Main:PersistentLevel.Main'
[2024.03.04-18.02.04:880][699]LogBlueprintUserMessages: Early EndPlayMap Detection: Level '/Game/Main.Main:PersistentLevel' has LevelScriptBlueprint '/Game/Main.Main:PersistentLevel.Main' with GeneratedClass '/Game/Main.Main_C' with ClassGeneratedBy '/Game/Main.Main:PersistentLevel.Main'
[2024.03.04-18.02.04:880][699]LogSlate: Updating window title bar state: overlay mode, drag disabled, window buttons hidden, title bar hidden
[2024.03.04-18.02.04:917][699]LogPlayLevel: Display: Shutting down PIE online subsystems
[2024.03.04-18.02.04:917][699]LogBlueprintUserMessages: Late EndPlayMap Detection: Level '/Game/Main.Main:PersistentLevel' has LevelScriptBlueprint '/Game/Main.Main:PersistentLevel.Main' with GeneratedClass '/Game/Main.Main_C' with ClassGeneratedBy '/Game/Main.Main:PersistentLevel.Main'
[2024.03.04-18.02.04:947][699]LogSlate: Updating window title bar state: overlay mode, drag disabled, window buttons hidden, title bar hidden
[2024.03.04-18.02.04:949][699]LogUObjectHash: Compacting FUObjectHashTables data took   1.10ms
[2024.03.04-18.02.04:984][703]LogPlayLevel: Display: Destroying online subsystem :Context_4
[2024.03.04-18.03.20:388][929]LogTemp: Repeating last play command: Selected Viewport
[2024.03.04-18.03.20:395][929]LogBlueprintUserMessages: Early PlayInEditor Detection: Level '/Game/Main.Main:PersistentLevel' has LevelScriptBlueprint '/Game/Main.Main:PersistentLevel.Main' with GeneratedClass '/Game/Main.Main_C' with ClassGeneratedBy '/Game/Main.Main:PersistentLevel.Main'
[2024.03.04-18.03.20:395][929]LogPlayLevel: PlayLevel: No blueprints needed recompiling
[2024.03.04-18.03.20:396][929]PIE: New page: PIE session: Main (5 марта 2024 г., 0:03:20)
[2024.03.04-18.03.20:396][929]LogPlayLevel: Creating play world package: /Game/UEDPIE_0_Main
[2024.03.04-18.03.20:399][929]LogPlayLevel: PIE: StaticDuplicateObject took: (0.002143s)
[2024.03.04-18.03.20:399][929]LogAIModule: Creating AISystem for world Main
[2024.03.04-18.03.20:400][929]LogPlayLevel: PIE: World Init took: (0.000924s)
[2024.03.04-18.03.20:400][929]LogPlayLevel: PIE: Created PIE world by copying editor world from /Game/Main.Main to /Game/UEDPIE_0_Main.Main (0.003632s)
[2024.03.04-18.03.20:428][929]LogUObjectHash: Compacting FUObjectHashTables data took   1.07ms
[2024.03.04-18.03.20:448][929]LogInit: XAudio2 using 'Динамики (High Definition Audio Device)' : 2 channels at 48 kHz using 16 bits per sample (channel mask 0x3)
[2024.03.04-18.03.20:464][929]LogInit: FAudioDevice initialized.
[2024.03.04-18.03.20:507][929]LogLoad: Game class is 'BP_SnakeGameMode_C'
[2024.03.04-18.03.20:511][929]LogWorld: Bringing World /Game/UEDPIE_0_Main.Main up for play (max tick rate 0) at 2024.03.04-21.03.20
[2024.03.04-18.03.20:512][929]LogWorld: Bringing up level for play took: 0.001764
[2024.03.04-18.03.20:533][929]LogActor: Warning: SnakeElementBP_C /Game/UEDPIE_0_Main.Main:PersistentLevel.SnakeElementBP_C_0 has natively added scene component(s), but none of them were set as the actor's RootComponent - picking one arbitrarily
[2024.03.04-18.03.20:534][929]LogActor: Warning: SnakeElementBP_C /Game/UEDPIE_0_Main.Main:PersistentLevel.SnakeElementBP_C_1 has natively added scene component(s), but none of them were set as the actor's RootComponent - picking one arbitrarily
[2024.03.04-18.03.20:535][929]LogActor: Warning: SnakeElementBP_C /Game/UEDPIE_0_Main.Main:PersistentLevel.SnakeElementBP_C_2 has natively added scene component(s), but none of them were set as the actor's RootComponent - picking one arbitrarily
[2024.03.04-18.03.20:536][929]LogActor: Warning: SnakeElementBP_C /Game/UEDPIE_0_Main.Main:PersistentLevel.SnakeElementBP_C_3 has natively added scene component(s), but none of them were set as the actor's RootComponent - picking one arbitrarily
[2024.03.04-18.03.20:537][929]PIE: Play in editor start time for /Game/UEDPIE_0_Main 0,683
[2024.03.04-18.03.20:538][929]LogBlueprintUserMessages: Late PlayInEditor Detection: Level '/Game/Main.Main:PersistentLevel' has LevelScriptBlueprint '/Game/Main.Main:PersistentLevel.Main' with GeneratedClass '/Game/Main.Main_C' with ClassGeneratedBy '/Game/Main.Main:PersistentLevel.Main'
[2024.03.04-18.03.32:302][337]LogBlueprintUserMessages: Early EndPlayMap Detection: Level '/Game/Main.Main:PersistentLevel' has LevelScriptBlueprint '/Game/Main.Main:PersistentLevel.Main' with GeneratedClass '/Game/Main.Main_C' with ClassGeneratedBy '/Game/Main.Main:PersistentLevel.Main'
[2024.03.04-18.03.32:302][337]LogSlate: Updating window title bar state: overlay mode, drag disabled, window buttons hidden, title bar hidden
[2024.03.04-18.03.32:352][337]LogPlayLevel: Display: Shutting down PIE online subsystems
[2024.03.04-18.03.32:352][337]LogBlueprintUserMessages: Late EndPlayMap Detection: Level '/Game/Main.Main:PersistentLevel' has LevelScriptBlueprint '/Game/Main.Main:PersistentLevel.Main' with GeneratedClass '/Game/Main.Main_C' with ClassGeneratedBy '/Game/Main.Main:PersistentLevel.Main'
[2024.03.04-18.03.32:401][337]LogSlate: Updating window title bar state: overlay mode, drag disabled, window buttons hidden, title bar hidden
[2024.03.04-18.03.32:404][337]LogUObjectHash: Compacting FUObjectHashTables data took   1.13ms
[2024.03.04-18.03.32:418][338]LogPlayLevel: Display: Destroying online subsystem :Context_5
[2024.03.04-18.03.33:381][452]LogSlate: FSceneViewport::OnFocusLost() reason 0
[2024.03.04-18.03.33:497][466]LogTemp: Repeating last play command: Selected Viewport
[2024.03.04-18.03.33:505][466]LogBlueprintUserMessages: Early PlayInEditor Detection: Level '/Game/Main.Main:PersistentLevel' has LevelScriptBlueprint '/Game/Main.Main:PersistentLevel.Main' with GeneratedClass '/Game/Main.Main_C' with ClassGeneratedBy '/Game/Main.Main:PersistentLevel.Main'
[2024.03.04-18.03.33:506][466]LogPlayLevel: PlayLevel: No blueprints needed recompiling
[2024.03.04-18.03.33:506][466]PIE: New page: PIE session: Main (5 марта 2024 г., 0:03:33)
[2024.03.04-18.03.33:506][466]LogPlayLevel: Creating play world package: /Game/UEDPIE_0_Main
[2024.03.04-18.03.33:508][466]LogPlayLevel: PIE: StaticDuplicateObject took: (0.002359s)
[2024.03.04-18.03.33:509][466]LogAIModule: Creating AISystem for world Main
[2024.03.04-18.03.33:509][466]LogPlayLevel: PIE: World Init took: (0.000735s)
[2024.03.04-18.03.33:509][466]LogPlayLevel: PIE: Created PIE world by copying editor world from /Game/Main.Main to /Game/UEDPIE_0_Main.Main (0.003513s)
[2024.03.04-18.03.33:536][466]LogUObjectHash: Compacting FUObjectHashTables data took   1.17ms
[2024.03.04-18.03.33:555][466]LogInit: XAudio2 using 'Динамики (High Definition Audio Device)' : 2 channels at 48 kHz using 16 bits per sample (channel mask 0x3)
[2024.03.04-18.03.33:572][466]LogInit: FAudioDevice initialized.
[2024.03.04-18.03.33:605][466]LogLoad: Game class is 'BP_SnakeGameMode_C'
[2024.03.04-18.03.33:606][466]LogWorld: Bringing World /Game/UEDPIE_0_Main.Main up for play (max tick rate 0) at 2024.03.04-21.03.33
[2024.03.04-18.03.33:606][466]LogWorld: Bringing up level for play took: 0.000543
[2024.03.04-18.03.33:620][466]LogActor: Warning: SnakeElementBP_C /Game/UEDPIE_0_Main.Main:PersistentLevel.SnakeElementBP_C_0 has natively added scene component(s), but none of them were set as the actor's RootComponent - picking one arbitrarily
[2024.03.04-18.03.33:621][466]LogActor: Warning: SnakeElementBP_C /Game/UEDPIE_0_Main.Main:PersistentLevel.SnakeElementBP_C_1 has natively added scene component(s), but none of them were set as the actor's RootComponent - picking one arbitrarily
[2024.03.04-18.03.33:621][466]LogActor: Warning: SnakeElementBP_C /Game/UEDPIE_0_Main.Main:PersistentLevel.SnakeElementBP_C_2 has natively added scene component(s), but none of them were set as the actor's RootComponent - picking one arbitrarily
[2024.03.04-18.03.33:621][466]LogActor: Warning: SnakeElementBP_C /Game/UEDPIE_0_Main.Main:PersistentLevel.SnakeElementBP_C_3 has natively added scene component(s), but none of them were set as the actor's RootComponent - picking one arbitrarily
[2024.03.04-18.03.33:621][466]PIE: Play in editor start time for /Game/UEDPIE_0_Main -0,233
[2024.03.04-18.03.33:621][466]LogBlueprintUserMessages: Late PlayInEditor Detection: Level '/Game/Main.Main:PersistentLevel' has LevelScriptBlueprint '/Game/Main.Main:PersistentLevel.Main' with GeneratedClass '/Game/Main.Main_C' with ClassGeneratedBy '/Game/Main.Main:PersistentLevel.Main'
[2024.03.04-18.03.54:995][ 28]LogBlueprintUserMessages: Early EndPlayMap Detection: Level '/Game/Main.Main:PersistentLevel' has LevelScriptBlueprint '/Game/Main.Main:PersistentLevel.Main' with GeneratedClass '/Game/Main.Main_C' with ClassGeneratedBy '/Game/Main.Main:PersistentLevel.Main'
[2024.03.04-18.03.54:995][ 28]LogSlate: Updating window title bar state: overlay mode, drag disabled, window buttons hidden, title bar hidden
[2024.03.04-18.03.55:033][ 28]LogPlayLevel: Display: Shutting down PIE online subsystems
[2024.03.04-18.03.55:033][ 28]LogBlueprintUserMessages: Late EndPlayMap Detection: Level '/Game/Main.Main:PersistentLevel' has LevelScriptBlueprint '/Game/Main.Main:PersistentLevel.Main' with GeneratedClass '/Game/Main.Main_C' with ClassGeneratedBy '/Game/Main.Main:PersistentLevel.Main'
[2024.03.04-18.03.55:080][ 28]LogSlate: Updating window title bar state: overlay mode, drag disabled, window buttons hidden, title bar hidden
[2024.03.04-18.03.55:083][ 28]LogUObjectHash: Compacting FUObjectHashTables data took   1.53ms
[2024.03.04-18.03.55:099][ 29]LogPlayLevel: Display: Destroying online subsystem :Context_6
[2024.03.04-18.03.57:981][373]LogSlate: FSceneViewport::OnFocusLost() reason 0
[2024.03.04-18.03.58:158][394]LogSlate: Took 0.000144 seconds to synchronously load lazily loaded font '../../../Engine/Content/Slate/Fonts/Roboto-Light.ttf' (167K)
[2024.03.04-18.03.58:167][394]LogAssetEditorManager: Opening Asset editor for Blueprint /Game/SnakeBaseBP.SnakeBaseBP
[2024.03.04-18.03.58:394][394]LogContentBrowser: Native class hierarchy updated for 'BlueprintGraph' in 0.0006 seconds. Added 121 classes and 0 folders.
[2024.03.04-18.03.59:157][394]LogSlate: Took 0.000140 seconds to synchronously load lazily loaded font '../../../Engine/Content/Slate/Fonts/Roboto-BoldCondensed.ttf' (158K)
[2024.03.04-18.04.01:359][649]LogSlate: Took 0.006688 seconds to synchronously load lazily loaded font '../../../Engine/Content/Slate/Fonts/Roboto-Italic.ttf' (157K)
[2024.03.04-18.04.10:557][623]LogBlueprintActionDatabase: Requesting refresh due to module change: HierarchicalLODUtilities (loaded)
[2024.03.04-18.04.19:099][558]BlueprintLog: New page: Compile SnakeBaseBP
[2024.03.04-18.04.19:312][558]LogUObjectHash: Compacting FUObjectHashTables data took   5.79ms
[2024.03.04-18.04.20:182][653]Cmd: OBJ SAVEPACKAGE PACKAGE="/Game/SnakeBaseBP" FILE="D:/Home Work/UE_Home_Work/Module20/Snake/Content/SnakeBaseBP.uasset" SILENT=true
[2024.03.04-18.04.20:199][653]LogSavePackage: Moving 'D:/Home Work/UE_Home_Work/Module20/Snake/Saved/SnakeBaseBPC23593CA43500892AC2EC38381610EA8.tmp' to 'D:/Home Work/UE_Home_Work/Module20/Snake/Content/SnakeBaseBP.uasset'
[2024.03.04-18.04.22:622][940]LogTemp: Repeating last play command: Selected Viewport
[2024.03.04-18.04.22:633][940]LogBlueprintUserMessages: Early PlayInEditor Detection: Level '/Game/Main.Main:PersistentLevel' has LevelScriptBlueprint '/Game/Main.Main:PersistentLevel.Main' with GeneratedClass '/Game/Main.Main_C' with ClassGeneratedBy '/Game/Main.Main:PersistentLevel.Main'
[2024.03.04-18.04.22:634][940]LogPlayLevel: PlayLevel: No blueprints needed recompiling
[2024.03.04-18.04.22:634][940]PIE: New page: PIE session: Main (5 марта 2024 г., 0:04:22)
[2024.03.04-18.04.22:634][940]LogPlayLevel: Creating play world package: /Game/UEDPIE_0_Main
[2024.03.04-18.04.22:637][940]LogPlayLevel: PIE: StaticDuplicateObject took: (0.002303s)
[2024.03.04-18.04.22:637][940]LogAIModule: Creating AISystem for world Main
[2024.03.04-18.04.22:638][940]LogPlayLevel: PIE: World Init took: (0.000864s)
[2024.03.04-18.04.22:638][940]LogPlayLevel: PIE: Created PIE world by copying editor world from /Game/Main.Main to /Game/UEDPIE_0_Main.Main (0.003606s)
[2024.03.04-18.04.22:675][940]LogUObjectHash: Compacting FUObjectHashTables data took   3.61ms
[2024.03.04-18.04.22:694][940]LogInit: XAudio2 using 'Динамики (High Definition Audio Device)' : 2 channels at 48 kHz using 16 bits per sample (channel mask 0x3)
[2024.03.04-18.04.22:710][940]LogInit: FAudioDevice initialized.
[2024.03.04-18.04.22:752][940]LogLoad: Game class is 'BP_SnakeGameMode_C'
[2024.03.04-18.04.22:756][940]LogWorld: Bringing World /Game/UEDPIE_0_Main.Main up for play (max tick rate 0) at 2024.03.04-21.04.22
[2024.03.04-18.04.22:757][940]LogWorld: Bringing up level for play took: 0.001861
[2024.03.04-18.04.22:778][940]LogActor: Warning: SnakeElementBP_C /Game/UEDPIE_0_Main.Main:PersistentLevel.SnakeElementBP_C_0 has natively added scene component(s), but none of them were set as the actor's RootComponent - picking one arbitrarily
[2024.03.04-18.04.22:779][940]LogActor: Warning: SnakeElementBP_C /Game/UEDPIE_0_Main.Main:PersistentLevel.SnakeElementBP_C_1 has natively added scene component(s), but none of them were set as the actor's RootComponent - picking one arbitrarily
[2024.03.04-18.04.22:780][940]LogActor: Warning: SnakeElementBP_C /Game/UEDPIE_0_Main.Main:PersistentLevel.SnakeElementBP_C_2 has natively added scene component(s), but none of them were set as the actor's RootComponent - picking one arbitrarily
[2024.03.04-18.04.22:780][940]LogActor: Warning: SnakeElementBP_C /Game/UEDPIE_0_Main.Main:PersistentLevel.SnakeElementBP_C_3 has natively added scene component(s), but none of them were set as the actor's RootComponent - picking one arbitrarily
[2024.03.04-18.04.22:781][940]PIE: Play in editor start time for /Game/UEDPIE_0_Main 0,928
[2024.03.04-18.04.22:782][940]LogBlueprintUserMessages: Late PlayInEditor Detection: Level '/Game/Main.Main:PersistentLevel' has LevelScriptBlueprint '/Game/Main.Main:PersistentLevel.Main' with GeneratedClass '/Game/Main.Main_C' with ClassGeneratedBy '/Game/Main.Main:PersistentLevel.Main'
[2024.03.04-18.04.28:697][646]LogBlueprintUserMessages: Early EndPlayMap Detection: Level '/Game/Main.Main:PersistentLevel' has LevelScriptBlueprint '/Game/Main.Main:PersistentLevel.Main' with GeneratedClass '/Game/Main.Main_C' with ClassGeneratedBy '/Game/Main.Main:PersistentLevel.Main'
[2024.03.04-18.04.28:698][646]LogSlate: Updating window title bar state: overlay mode, drag disabled, window buttons hidden, title bar hidden
[2024.03.04-18.04.28:735][646]LogPlayLevel: Display: Shutting down PIE online subsystems
[2024.03.04-18.04.28:736][646]LogBlueprintUserMessages: Late EndPlayMap Detection: Level '/Game/Main.Main:PersistentLevel' has LevelScriptBlueprint '/Game/Main.Main:PersistentLevel.Main' with GeneratedClass '/Game/Main.Main_C' with ClassGeneratedBy '/Game/Main.Main:PersistentLevel.Main'
[2024.03.04-18.04.28:787][646]LogSlate: Updating window title bar state: overlay mode, drag disabled, window buttons hidden, title bar hidden
[2024.03.04-18.04.28:792][646]LogUObjectHash: Compacting FUObjectHashTables data took   2.98ms
[2024.03.04-18.04.28:812][647]LogPlayLevel: Display: Destroying online subsystem :Context_10
[2024.03.04-18.07.48:087][816]LogSlate: FSceneViewport::OnFocusLost() reason 0
[2024.03.04-18.07.54:263][523]BlueprintLog: New page: Compile SnakeBaseBP
[2024.03.04-18.07.54:442][523]LogUObjectHash: Compacting FUObjectHashTables data took   3.47ms
[2024.03.04-18.07.55:430][638]Cmd: OBJ SAVEPACKAGE PACKAGE="/Game/SnakeBaseBP" FILE="D:/Home Work/UE_Home_Work/Module20/Snake/Content/SnakeBaseBP.uasset" SILENT=true
[2024.03.04-18.07.55:437][638]LogSavePackage: Moving 'D:/Home Work/UE_Home_Work/Module20/Snake/Saved/SnakeBaseBPA9F5E5E146795CE67040C4861E30AC17.tmp' to 'D:/Home Work/UE_Home_Work/Module20/Snake/Content/SnakeBaseBP.uasset'
[2024.03.04-18.07.57:472][880]LogTemp: Repeating last play command: Selected Viewport
[2024.03.04-18.07.57:483][880]LogBlueprintUserMessages: Early PlayInEditor Detection: Level '/Game/Main.Main:PersistentLevel' has LevelScriptBlueprint '/Game/Main.Main:PersistentLevel.Main' with GeneratedClass '/Game/Main.Main_C' with ClassGeneratedBy '/Game/Main.Main:PersistentLevel.Main'
[2024.03.04-18.07.57:483][880]LogPlayLevel: PlayLevel: No blueprints needed recompiling
[2024.03.04-18.07.57:483][880]PIE: New page: PIE session: Main (5 марта 2024 г., 0:07:57)
[2024.03.04-18.07.57:483][880]LogPlayLevel: Creating play world package: /Game/UEDPIE_0_Main
[2024.03.04-18.07.57:486][880]LogPlayLevel: PIE: StaticDuplicateObject took: (0.002686s)
[2024.03.04-18.07.57:487][880]LogAIModule: Creating AISystem for world Main
[2024.03.04-18.07.57:487][880]LogPlayLevel: PIE: World Init took: (0.001367s)
[2024.03.04-18.07.57:488][880]LogPlayLevel: PIE: Created PIE world by copying editor world from /Game/Main.Main to /Game/UEDPIE_0_Main.Main (0.004587s)
[2024.03.04-18.07.57:525][880]LogUObjectHash: Compacting FUObjectHashTables data took   3.64ms
[2024.03.04-18.07.57:545][880]LogInit: XAudio2 using 'Динамики (High Definition Audio Device)' : 2 channels at 48 kHz using 16 bits per sample (channel mask 0x3)
[2024.03.04-18.07.57:561][880]LogInit: FAudioDevice initialized.
[2024.03.04-18.07.57:607][880]LogLoad: Game class is 'BP_SnakeGameMode_C'
[2024.03.04-18.07.57:611][880]LogWorld: Bringing World /Game/UEDPIE_0_Main.Main up for play (max tick rate 0) at 2024.03.04-21.07.57
[2024.03.04-18.07.57:612][880]LogWorld: Bringing up level for play took: 0.001951
[2024.03.04-18.07.57:632][880]LogActor: Warning: SnakeElementBP_C /Game/UEDPIE_0_Main.Main:PersistentLevel.SnakeElementBP_C_0 has natively added scene component(s), but none of them were set as the actor's RootComponent - picking one arbitrarily
[2024.03.04-18.07.57:632][880]LogActor: Warning: SnakeElementBP_C /Game/UEDPIE_0_Main.Main:PersistentLevel.SnakeElementBP_C_1 has natively added scene component(s), but none of them were set as the actor's RootComponent - picking one arbitrarily
[2024.03.04-18.07.57:634][880]LogActor: Warning: SnakeElementBP_C /Game/UEDPIE_0_Main.Main:PersistentLevel.SnakeElementBP_C_2 has natively added scene component(s), but none of them were set as the actor's RootComponent - picking one arbitrarily
[2024.03.04-18.07.57:635][880]LogActor: Warning: SnakeElementBP_C /Game/UEDPIE_0_Main.Main:PersistentLevel.SnakeElementBP_C_3 has natively added scene component(s), but none of them were set as the actor's RootComponent - picking one arbitrarily
[2024.03.04-18.07.57:635][880]PIE: Play in editor start time for /Game/UEDPIE_0_Main -0,219
[2024.03.04-18.07.57:636][880]LogBlueprintUserMessages: Late PlayInEditor Detection: Level '/Game/Main.Main:PersistentLevel' has LevelScriptBlueprint '/Game/Main.Main:PersistentLevel.Main' with GeneratedClass '/Game/Main.Main_C' with ClassGeneratedBy '/Game/Main.Main:PersistentLevel.Main'
[2024.03.04-18.08.08:462][171]LogBlueprintUserMessages: Early EndPlayMap Detection: Level '/Game/Main.Main:PersistentLevel' has LevelScriptBlueprint '/Game/Main.Main:PersistentLevel.Main' with GeneratedClass '/Game/Main.Main_C' with ClassGeneratedBy '/Game/Main.Main:PersistentLevel.Main'
[2024.03.04-18.08.08:462][171]LogSlate: Updating window title bar state: overlay mode, drag disabled, window buttons hidden, title bar hidden
[2024.03.04-18.08.08:499][171]LogPlayLevel: Display: Shutting down PIE online subsystems
[2024.03.04-18.08.08:500][171]LogBlueprintUserMessages: Late EndPlayMap Detection: Level '/Game/Main.Main:PersistentLevel' has LevelScriptBlueprint '/Game/Main.Main:PersistentLevel.Main' with GeneratedClass '/Game/Main.Main_C' with ClassGeneratedBy '/Game/Main.Main:PersistentLevel.Main'
[2024.03.04-18.08.08:559][171]LogSlate: Updating window title bar state: overlay mode, drag disabled, window buttons hidden, title bar hidden
[2024.03.04-18.08.08:564][171]LogUObjectHash: Compacting FUObjectHashTables data took   2.22ms
[2024.03.04-18.08.08:582][172]LogPlayLevel: Display: Destroying online subsystem :Context_11
